1 212 41 88 259 260 276 290 150 156 91 232 282 244 157 295 209 73 48 140 131 205 250 292 71 297 262 143 49 77 151
2 0 54 75 8 246 92 15 285 125 21 277 214 102 239 207 236 160 147 10 98 16 242 106 104 47 251 1 178 149 175
3 296 33 80 148 13 220 227 63 213 281 96 174 284 50 271 170 197 114 83 138 219 20 12 145 206 126 272 293 257 130
4 168 216 103 294 162 136 107 74 19 79 245 230 128 121 158 61 109 6 42 70 112 238 31 192 215 256 37 189 169 165
5 275 116 110 4 203 127 218 225 57 226 188 39 241 146 254 117 195 23 235 93 181 223 78 142 252 279 97 84 9 211
6 180 184 164 134 24 95 273 171 60 200 166 29 28 185 82 89 154 190 76 25 201 196 289 141 288 233 240 153 173 132 183
7 85 249 159 7 161 58 111 105 44 224 32 202 217 68 27 3 22 269 283 119 139 265 155 152 247 231 135 208 274 2
8 167 108 72 62 210 144 137 56 38 129 204 177 172 14 243 258 163 237 101 5 35 255 51 43 176 186 94 69 52
9 34 99 133 18 286 198 261 187 267 113 53 298 86 64 90 26 59 287 124 67 45 248 266 228 30 123 194 278
10 87 40 81 299 263 193 11 120 191 268 222 100 122 253 264 118 182 55 291 229 199 115 280 17 46 270
11 66
12
13
14
15
16
17
18
19
20
21
22
23
24
25
26
27
28
29
30
31
32
33
34
35
36
37
38
39
40
41
42
43
44
45
46
47
48
49
50
51
52
53
54
55
56
57
58
59
60
61
62
63
64
65
66
67
68
69
70
71
72
73
74
75
76
77
78
79
80
81
82
83
84
85
86
87
88
89
90
91
92
93
94
95
96
97
98
99
100
