1 212 75 226 18 38 21 214 217 28 111 236 73 42 76 5 265 142 228 186 233 2 175
2 0 249 259 137 15 285 96 204 271 170 22 190 10 181 78 141 215 30 206 279 77 84
3 296 85 7 294 260 105 156 224 188 174 121 243 89 119 126 90 16 139 43 155 256 97 52 49 132 183
4 168 216 103 95 227 150 273 63 281 185 177 295 68 114 219 20 242 154 71 229 293 69 153 130
5 54 148 276 290 107 213 209 277 240 282 241 82 157 258 140 237 131 112 152 59 223 100 47 123 94 169 274
6 275 88 13 58 74 113 79 91 230 128 196 11 207 6 138 83 205 106 120 252 270 37 173 257
7 87 4 134 127 70 225 60 40 197 25 298 158 251 269 283 201 250 145 9 135 189 165 151
8 161 41 62 220 203 56 187 57 245 254 146 86 163 3 23 117 147 182 255 248 31 55 192 17 278
9 167 108 72 101 193 218 261 129 27 29 102 239 48 109 98 235 12 272 262 231 178 1 247
10 180 284 162 125 200 232 104 166 14 195 202 50 287 81 93 149 35 266 176 143 208 194 211
11 116 144 159 39 198 171 160 32 124 61 64 222 26 51 45 291 115
12 34 191 244 246 92 267 53 46
13 110 80 286 210 136 288 19 268 118 172 122 66
14 184 133 8 24 67 263 44 238 289 280 292 297 253 264 199
15 164
16 99 299
17
18
19
20
21
22
23
24
25
26
27
28
29
30
31
32
33
34
35
36
37
38
39
40
41
42
43
44
45
46
47
48
49
50
51
52
53
54
55
56
57
58
59
60
61
62
63
64
65
66
67
68
69
70
71
72
73
74
75
76
77
78
79
80
81
82
83
84
85
86
87
88
89
90
91
92
93
94
95
96
97
98
99
100
