1 7024 9872 6551 4809 3909 3289 3451 3130 5363 4634 6253 670 9253 9543 6263 6689 9050 8126 702 8298 4347 2157 5280 87 1101 9367 581 8012 5536 5572 1493 1521 1871 9497 6199 6666 524 3807 1426 8386 5946 8897 9221 4032 8924
2 574 617 9736 3226 7974 8671 1798 993 3119 2890 5876 7544 1077 8952 2710 335 6124 5941 7747 7735 8676 8021 505 4271 2653 6403 6416 3469 6787 8617 7943 5933 2073 8205 9032 4574 4151 2880 1103 8162 3904 6359 6821 4198 4547 1494 434 9444 6205
3 3545 7185 5192 4794 1873 1775 6761 852 9041 4734 4704 7366 6922 3578 5367 4476 2650 6775 4562 1421 6064 925 8509 5414 4980 1382 8005 3891 3894 2147 1912 6943 1772 6970 1943 7567 1948 4246 8980 9669 8843 8317 4514 7263 6407 6831
4 6373 9860 1738 1823 6378 394 1181 3655 1776 7000 6108 3562 9207 9606 7576 8556 1393 1414 4831 4645 6039 4111 6536 1583 3514 7729 6562 5396 5465 990 3335 8266 3372 4856 9062 860 2892 927 8180 2576 2072 46 8983 5772 340 3534
5 699 1232 1460 2392 9531 7816 6578 9470 4298 1590 5633 2925 7515 2683 1117 1861 8568 4561 5843 5431 9279 5825 7252 7002 4305 3927 8061 2974 9267 2510 7612 7834 5960 3566 2476 5491 9285 9938 8425 8659 3898 4784 959 6783 7113 8507 1624
6 7329 2470 3658 4852 9626 3355 6830 597 9167 8094 1129 210 4486 5378 1229 1075 8391 165 2762 5475 6043 5594 1000 7203 6980 4248 4692 2082 29 2771 4900 2985 5773 5924 5000 2449 7542 6016 4172 9302 7806 3873 6804 2739 9880 7286
7 5439 8233 732 9189 3744 3926 7825 4393 1635 696 999 213 2254 1727 2140 7485 7387 3858 2274 2127 6113 2688 687 2749 6080 7277 8665 7216 6779 9097 7579 1383 2962 5153 4256 7009 6311 6835 5632 1157 4664 2298 8215 9585 5871 8616 7418
8 7706 5344 3479 9680 2383 2372 5360 4660 4495 8599 9484 276 8848 2003 1591 1620 7725 3869 4194 8214 8508 1801 5549 2206 4993 1245 2489 1965 2186 6337 7695 6633 5696 6964 308 8024 6820 8350 3473 1831 9331 4530 9600 9437 8158 7451 6516 5388 4135
9 9213 2453 6644 8716 9004 8500 7462 445 4405 5685 2980 4240 760 1455 2870 5463 2405 9463 4548 6422 422 3426 6702 63 8362 8032 7632 7854 7779 960 9306 971 3755 9741 3176 1453 3675 7199 3342 3454 6784 1165 9457 469 5802
10 2355 9885 1841 5261 5620 7569 3924 3787 8477 824 9115 1692 9225 764 8171 5237 6777 2499 7909 5461 69 2386 5694 1042 4432 3818 4094 5698 5298 9464 2572 9897 6994 8773 9993 7922 7211 3657 8135 9739 6976 4611 7672 2667 2580 4138 8680 5305
11 4131 7331 9662 503 2492 7099 3559 1164 630 2788 9072 5438 2996 720 5392 1639 517 9128 4322 9208 1533 4818 1611 2028 8801 6321 4825 4924 9925 4871 7778 8832 6545 3129 7266 7574 3752 6968 9731 6723 7716 3613 6164 7614 840 5474 3232 8688
12 5037 7389 9701 4828 2039 3907 1964 1377 1843 3573 4456 2720 8750 8309 9918 680 698 2031 873 8681 2906 9111 3141 9452 8792 9108 1105 8370 4628 8161 2022 9454 4042 30 6334 4004 7032 212 2070 576 6651 4719 9923 1809 5300 6592 9372 6153
13 1523 614 7963 7446 233 7827 4466 631 534 470 8624 2717 5992 6739 1668 3488 3718 7478 9211 8443 8305 2761 31 2133 4125 50 108 8498 7954 5295 7800 983 887 6310 3535 3606 6841 6990 5158 9251 609 3297 3325 8708 842 8460
14 9035 1228 5314 7244 1441 3051 5256 3618 7238 7165 8922 338 2690 3063 4162 1402 2773 2752 128 4951 4821 3715 5174 6607 554 1934 1662 3887 7889 8080 8067 5085 9862 6317 7405 3645 3417 9018 8479 9159 117 5581 8259 3104 6588 7739 7927
15 336 9895 9721 5748 9579 1192 4772 6003 7617 1553 4613 9117 360 861 1435 4461 1352 8723 961 6008 5194 4309 1358 9094 9407 4045 651 284 5462 4559 1222 3324 7564 3792 1577 784 847 8704 15 8999 2987 3360 671 8220 7500 8954 6452 6646
16 7787 7677 1212 8719 6393 2516 8552 4672 2895 5781 4545 3721 3720 6467 3233 8132 4079 681 9130 4573 2841 3099 5246 9246 358 5490 5961 8285 3491 8604 5886 4930 4994 5918 6822 8229 9494 258 5651 7589 6201 4934 7741 6197 1661
17 640 9852 9814 5366 601 3589 933 3677 1168 577 5729 7294 350 1125 3872 1972 7708 2026 1131 4375 5251 5838 8216 8142 7291 7530 8274 9657 992 3726 2376 356 7885 6278 7025 9996 7697 5987 14 3788 3796 6788 9273 4395 5318 3941 5745 5034 8711
18 1546 4911 5893 2307 1091 5684 4442 5568 3828 114 6811 5370 4797 5442 215 1876 7710 8176 7742 8647 2544 4370 2296 4689 5404 4035 3251 9186 196 3275 6540 5591 1903 973 2766 5858 6412 7435 1944 198 2942 4258 5552 4210 1438 504 4654
19 8100 9720 8988 926 4017 7154 6767 7815 2013 4118 6379 8914 2794 4404 162 5152 4206 575 5739 4044 421 8669 4820 4698 2345 2504 2750 3849 7775 1829 209 6642 5735 6936 792 3965 6825 7088 4167 4182 367 9216 6048 1909 3395 2758 2693 7933 20 642
20 6796 9817 9624 3743 6448 6597 6542 1652 6853 6212 793 8615 4489 4373 8765 2139 4602 5726 2919 9615 4847 8276 7784 5618 3977 6641 9948 7486 3377 7083 6112 1757 7168 3182 3974 8026 424 9690 8247 275 1365 5407 3084 5614 770 5161
21 4479 1236 9850 5352 920 9729 9733 4836 3435 2916 9724 6893 6600 7163 3464 5765 5383 3017 2189 7709 9998 1010 743 3098 361 9322 3083 1385 5149 5213 2933 4050 4036 3748 7509 3100 9174 6135 9030 3801 3804 9763 7313 6880 8331 6453 6699 6272 6996
22 370 2428 9712 6383 2242 1038 9313 8495 2884 4572 7212 3440 4521 2676 1290 4499 9193 9370 9391 6166 6098 2535 4269 1915 2847 5644 4115 6277 9845 230 7460 2443 7297 7651 2327 221 4577 2244 2412 1899 874 9667 272 3784 8020 36 4333
23 3503 4933 6884 304 4892 9723 6583 3702 7226 6473 3060 2030 7155 9126 7054 1694 1281 8744 570 5326 3793 2774 120 6731 8545 8570 8526 1950 3765 7785 2000 5531 7369 3712 1482 4894 5702 7106 3178 3888 7269 1810 6789 438 4995 3842 4176 8791
24 6579 4925 606 6514 3296 1916 175 5293 328 9155 206 6402 663 7200 8646 1887 9005 6066 7051 3117 2285 4015 265 966 3707 1845 9864 9935 6485 6628 6610 747 5026 7352 7553 9051 3173 783 9986 8270 5321 5479 6365 7195 4614
25 4217 4944 613 9759 7821 9537 7846 1894 1059 5567 635 8257 3058 5401 4556 89 8833 339 3815 9223 6333 4627 1374 1508 5993 2508 2173 9218 1159 5097 2473 3504 3156 98 625 8811 342 1570 6625 9145 8130 6459 937 9353 4157 4016 6678
26 7766 3686 1318 4850 9040 9428 5455 7967 7129 8254 8645 9165 8935 6099 6755 3196 779 8731 7323 1415 5640 1411 2849 3021 6123 4142 1986 6324 1479 4014 4581 7178 231 3284 5418 9805 7011 4833 1152 5483 2354 7764 2240 713 8756 5662 2982 910 515 6171
27 3243 3593 7289 75 5091 7133 7130 9282 4235 7141 300 5469 4567 9096 4465 2712 4564 9337 945 1006 364 521 8611 7913 4260 7855 7896 8117 7870 9269 5716 8474 9990 4063 9685 1596 8452 2329 4667 1555 733 5768 3541 3018 4076 1626 9056
28 4733 9884 6375 4816 1707 1114 2290 7251 6883 9068 3214 2295 3838 5670 731 2081 2191 9016 544 3935 3 8532 4502 8103 9586 5595 4086 2172 8121 5275 7965 9854 199 7687 6650 7604 6348 5743 888 8419 8065 1754 4674 6090 4858 985 1023
29 6896 4915 1741 116 8787 8329 2411 9969 7223 921 6972 9601 9066 4812 8144 545 6859 1658 4687 8381 4179 7694 7796 3839 7378 1319 9888 8279 5718 7928 1940 6354 3626 9477 3506 6992 892 6307 6361 3394 5978 107 7605 61 2220
30 4525 7383 1231 96 1026 6548 4792 4724 1003 9375 3225 3771 1396 4738 8766 5945 8518 289 8102 6038 3213 8687 6988 8015 655 2077 5202 4989 7723 9982 2495 5903 16 979 7790 5920 7429 6998 4212 267 3520 8752 5481 8894 8513 7186
31 2636 7377 9017 3019 7319 1422 906 4622 5850 6751 1170 3583 8560 5156 2729 1851 1918 2822 5142 2589 1497 9429 8670 9727 1475 311 314 2315 8564 970 9393 1955 7668 5712 7483 4851 7060 3111 2089 6827 4811 8944 3096 6959 4867 3262 2494 8907 6442
32 7481 9861 306 2673 9815 9703 7278 7534 7230 6899 1695 1054 293 2324 6094 9090 3694 1616 7732 8941 9160 2678 6269 714 240 488 3082 3875 4511 8724 739 2611 412 5746 2856 435 9995 3497 7303 848 836 2747 8487 6771 9558 5506 7704 8249 3986
33 9299 2474 2048 9547 1541 7813 5223 9492 9423 3125 3532 7675 7111 5335 8620 5623 3069 740 4781 143 2725 253 6916 8429 9381 7224 1227 4681 7599 9474 243 3878 4746 9478 5749 1969 6643 3254 5714 4207 5125 3882 1945 8957 4452 2306 1728 189 9577
34 8053 9906 2421 2359 3850 1794 4372 2686 1606 5434 2997 8764 7523 420 7782 5329 790 9518 4661 7528 357 5123 83 5458 6075 7897 4970 9698 7637 8544 828 3320 5910 8088 1017 1466 2896 905 3494 9298 6957 4155 8402 4883 2119 8128
35 9274 4903 7409 667 3687 1137 7102 7763 9079 816 3416 4876 9248 5767 2263 9681 3050 6385 5079 2672 9291 9520 6141 7881 8575 5423 9257 4270 4709 8009 4617 6939 6285 8366 1770 7037 7731 7923 7960 9424 7 4705 9344 9439 1901 7901 7590
36 1860 3594 9847 9747 7258 280 1366 9957 700 8106 5583 3002 2787 6392 9366 3396 7067 4659 7464 4267 7210 9502 185 3379 5754 4259 76 4985 3837 7863 1572 3912 5017 7098 6674 7780 1830 5409 1461 9943 1211 8717 4416 169 7506 3158
37 9953 940 3210 1610 7906 4007 976 6058 7146 6608 981 5986 2199 6390 134 1139 7538 3346 9031 2811 1954 5071 2532 2225 141 2643 9345 8028 1397 1736 7283 6969 6698 8293 261 8733 1910 2732 7786 2530 9281 8385 4200 1679 8829 483
38 1158 1237 9831 7953 2969 2388 1952 244 3190 8605 7127 7116 6931 4462 1354 674 8751 3234 6398 3852 1270 1140 8867 5422 8522 5643 5851 4775 4516 5445 4060 871 6097 9867 6595 1079 7879 2050 3769 5499 3407 9154 5936 3415 8804 2111 2309 7419
39 1247 6630 6470 2836 2213 6093 467 3778 398 3533 2550 5436 5807 2719 1681 1574 3023 9519 8145 6985 8649 4350 2840 9359 4716 4509 8470 4986 2035 8002 9260 8078 4034 1735 8463 8771 391 1589 6708 5980 1729 3511 7444
40 4609 7507 5346 4890 9732 605 2402 9978 3201 7055 7031 7541 2338 5598 5444 5428 1931 4362 6071 2751 5163 5607 6077 7966 353 4358 4215 3789 7823 7664 7869 5175 9256 3597 8721 3756 8013 7314 3408 8741 5104 2976 2249 432 870 7752 9432 7713 4128
41 1345 9902 9748 8943 4909 3164 346 4619 539 1081 5443 7372 4534 5621 1360 1526 838 7197 5084 8896 6742 4823 2820 8202 2071 3015 8302 7580 1109 5741 9033 6292 4205 7453 3161 8027 447 3699 7305 7261 4593 250 8384 6510 170 6353
42 7499 9820 9750 1381 7522 3742 8288 3385 7213 6406 7952 916 9060 4369 807 9071 9204 533 863 6121 5308 4973 1512 5757 248 5144 2161 6158 6021 4255 585 2123 5022 8123 9965 9941 3146 5728 5820 996 1339 6296 6319 3542 6974 41 9244
43 3701 3688 1342 9594 5947 977 8107 6582 6248 9217 7149 7068 6847 5630 5617 167 894 8753 6175 4460 8400 5157 5789 4992 6756 6914 7346 6716 4013 7972 3159 9435 9000 4891 7899 8536 587 7737 1007 6768 9312 4164 2978 3582 3861 6439 1468 6585 7893 8255
44 9107 9899 9893 9799 3139 8569 7084 9614 3339 7547 8950 1291 3261 408 6401 155 1495 4575 4274 6202 6410 2162 347 8297 1714 6096 1044 1070 4629 5016 237 3326 366 7624 4075 8388 1563 9876 4893 8041 8978 9442 7497 1487 5477 5371 1966 1605
45 3102 7181 3012 9465 2366 7215 2319 573 6081 5333 6950 5803 4981 6040 3041 5486 6697 5155 3260 4048 5114 8234 6033 1326 1045 6126 2770 4087 710 436 6733 2340 5919 1156 1203 8480 3746 8090 7631 5043 2074 7201 7845 7611 8049 2694 9237 4070 2670
46 7692 4941 2460 9771 5599 7607 7840 3067 3025 2042 7911 7105 8551 2760 1785 1786 7063 8810 7711 6718 2556 9135 2272 3031 7844 2790 2757 641 546 2967 9070 1066 1992 2064 8129 7857 637 7512 1731 6308 9869 2718 1689 962 4175 6815 7761
47 5821 9911 7254 9599 3366 5440 3556 759 9522 6647 6240 5135 7431 5524 9930 5413 4899 7441 8562 4220 234 8623 2054 1631 7078 9529 500 2180 1048 9268 2362 1528 9829 4722 4964 5737 1216 5357 5880 6910 4209 6362 8108 3398 4948 9019
48 2036 7669 4878 6316 9749 6569 5065 755 4785 3209 819 1284 9046 2625 7447 2741 8911 8803 2803 737 7554 9121 5925 4203 2963 7003 476 5833 2132 4928 9363 8092 7890 4643 6355 7194 9083 2970 9205 8196 5934 6261 6875 8936 2164 2303 5526 6352 9921 5522 6165
49 38 227 101 5193 1982 377 3307 2817 3612 9141 2857 1883 5057 5970 6471 2659 9064 4426 4584 9433 2798 2585 4546 9528 4889 8497 9887 8499 473 7801 7344 6183 9144 8082 6909 9233 3478 8889 281 9456 1632 9539 5239 4279 7970 1625 9879 131 6523
50 6826 2464 2465 2578 4879 9676 8375 9661 9386 2128 7543 7756 3452 3055 2680 854 7583 3714 6394 6478 8592 9743 5377 3203 5826 6119 7240 8059 2090 8559 8008 1889 4656 3806 478 6984 8286 6720 7797 123 9329 2977 5496 9182 9517 8503
51 2533 7360 9824 9802 3476 2404 5186 3062 7873 1316 8990 4398 1399 5451 437 3565 6923 2176 1895 7338 1799 6975 7600 8187 5895 4862 303 4059 6214 9910 2456 9758 936 8042 1745 7365 6857 8667 7006 138 8529 2837 5648 4526 2664 471 4083
52 7795 4938 6686 2426 2364 5265 9466 2850 2011 7375 7355 6400 8814 9704 136 4433 4585 5231 3008 6492 5550 1 9693 4668 2433 3382 8573 2863 5027 4926 7934 4192 8812 9011 5979 4990 2178 3489 1133 2326 4126 4323 8578 8280 706 4987 3883 2958 3604 7700
53 8363 668 9968 7715 967 7128 6249 4605 55 2902 9507 2813 8797 5840 1022 8101 1248 595 4332 4594 9123 5799 2698 5507 7353 666 1183 2998 3264 6982 3611 8339 4972 4005 481 7490 1968 8075 299 9493 7566 7007 6314 1673 2940 918 4020 2700 9338 3402
54 4513 1537 449 6813 1210 6869 426 2314 2106 8925 676 6114 3857 8742 4533 5023 2843 4183 6053 6421 1483 5484 7991 6010 829 5473 4254 4626 4181 4286 9789 4795 7028 1008 7173 1608 6339 6302 415 3660 7271 6951 8010 7947 5655 6409 1074
55 3311 565 4914 4376 6861 3273 3404 6142 6844 2707 1372 6022 5467 5376 2730 669 2165 3871 8726 4411 4557 6320 1413 1134 1828 7872 7236 3172 6860 201 3170 5227 4457 788 3437 3276 2506 715 1685 6046 636 8489 3585 9997 7455 7793 745 1907
56 814 7190 4888 9776 608 5128 6496 9099 3248 1600 5502 727 3216 3227 1375 9622 6025 3669 6052 826 1603 7316 8151 3480 6741 8639 5266 844 5106 1104 9950 9900 6639 7270 7886 6 3188 2417 6356 4492 4631 9289 3474 9188 1893 1834 8530
57 147 9868 5136 1337 2442 6563 6567 4782 589 9210 1789 6955 3003 9101 3768 9001 8884 8795 4410 443 7020 1576 5296 2865 6109 5733 8084 7615 7926 1615 7487 3949 8993 3928 2848 1153 3827 8000 6187 249 832 1989 2185 1001 1919 6928 3703 5973 2639 5912 8904
58 923 9839 9827 2452 1249 5353 7374 3052 3821 6498 6530 4731 7100 3194 6527 65 2194 9855 3168 9095 8512 4755 6281 9534 3970 8550 4072 4658 4748 7473 6454 4351 8069 794 3152 3144 9324 4955 4268 8256 2099 8423 8475 6013 7609 6765 3186 9668
59 1634 9870 6436 2361 4522 8287 5189 8011 1568 6244 4641 2705 1355 8077 6045 6747 6695 4229 330 9181 2297 3134 8114 8976 4022 8112 2231 9967 9200 7718 3321 6586 6554 958 2923 7018 3145 4149 4761 7039 3552 9371 1394 5025 8409 4186
60 3856 9889 8521 1191 6074 7082 6521 9277 9307 9 3794 4391 8844 1664 8725 8886 6515 4276 6117 8426 5338 8029 6009 800 9065 527 4253 6338 9631 2336 9365 2777 4918 8672 4742 3322 7626 9964 5738 9572 9942 2517 7180 6228 6960 8083 7818 6925 8253 1217
61 4551 1230 9788 3028 3908 7135 3757 9106 99 4657 12 3153 9194 5629 6017 5399 3729 9173 9063 572 8697 5244 2483 5713 1463 7010 3500 8096 3155 610 6346 912 3429 9252 53 654 741 2647 2059 4143 194 5837 1511 5959 5708 3710 6370
62 6995 4945 4916 9819 5365 9835 9132 8218 881 8769 1357 5994 6920 2685 2215 393 6450 2116 4529 5650 2921 2104 5609 3447 8610 9180 2086 7622 4637 9928 9813 7613 4624 2083 1962 868 9201 4515 1031 7227 7085 6937 1897 2004 682 4301 537 4931 9450 600
63 5230 9908 3673 583 3584 1180 6519 3547 3661 5570 8909 2649 7475 6357 6290 1612 3855 1504 1458 748 8052 2088 6657 6864 683 5405 4979 1609 7633 4041 8718 44 5480 6997 4669 3459 6661 8071 8511 4512 6793 3956 8972 5310 5766 9415 5976 2416 6544 1312 2105
64 8727 7505 1796 5003 1195 1073 694 5798 9542 458 9236 8456 6577 1525 1629 7743 4568 6444 2277 8372 1287 6031 376 1013 6426 8283 2561 4262 8541 3800 8565 7592 2029 368 1981 2431 6605 6696 7529 2468 3001 9368 1588 3668 1739 1199 8462
65 6664 7189 4927 9679 6590 4773 3917 413 2175 3442 4026 7902 7066 3509 2691 2727 4383 6489 2024 8403 8830 2377 74 6956 1087 8683 7627 7469 6037 6092 6105 5557 7655 7679 2001 4051 4062 6242 4638 1500 6254 772 6556 6898 3453 6587 2167 8038
66 6300 232 9760 7727 7830 5429 6735 7225 176 1653 7059 7452 2809 8934 1601 4600 2854 1459 8193 997 6073 6547 1733 8197 312 9726 7864 2542 7684 3980 6636 6289 2824 2333 8003 3450 1209 867 6734 2008 1558 3128 3634 6258 795 9504 239
67 7479 9816 3679 9688 3959 4762 7862 975 9203 359 1379 3546 9409 4382 4402 7046 2280 7411 6704 3651 1654 7513 6622 4872 4339 6703 9460 7765 7570 8838 1879 4047 8212 9646 891 1914 3291 4049 9054 1019 4202 1819 7755 548 4880 172 3540
68 9190 1836 9134 1953 7847 6143 7093 6260 7193 1150 9197 7771 468 4707 4969 697 1094 2271 4216 7551 6210 1368 7842 246 9397 7798 5956 6102 798 1478 3727 5159 2477 6858 9400 154 3525 6286 3897 7733 6947 7670 2014 5534 8900 3749 7759 4187 7175
69 9689 4830 5284 418 423 6295 1418 9373 8979 4714 8710 2554 3741 489 4289 4532 2294 5679 5983 6057 85 5736 2586 1315 8494 6151 1637 969 4009 3900 6035 2904 875 7307 7757 7096 9055 8335 8906 5704 6900 6934 1888 7336 2518 7379
70 1147 6629 4808 7228 3884 3094 6438 7762 7239 3549 4971 3758 6186 5426 2715 8079 9730 4245 2947 5615 5642 1835 1434 1304 6986 3334 8627 3332 4146 9374 9582 8431 2131 7304 1274 1751 9752 7724 1051 1198 8169 4913 6067 2934 9420 3841 6343 1582
71 3692 9770 9768 9636 9954 3221 1781 3614 9230 9886 5997 3121 431 3231 879 2150 1516 2911 3812 3830 3303 1279 508 957 4078 3759 7776 4677 5715 2959 7456 4956 6298 439 9276 8951 4365 2829 7021 479 1136 6680 2776 2885 869 5770 1766
72 2922 7030 9744 6371 7924 60 6549 1774 9284 9262 4326 3834 5148 5968 2708 3880 4287 758 1515 6431 2632 2845 6655 580 4101 3353 8328 8520 3895 982 6557 2860 9934 8014 7126 6877 679 2990 3835 9300 4608 895 1112 1705
73 5126 2471 5472 6060 7220 7308 2634 9379 1700 3581 880 3722 550 2812 5103 3797 1924 9684 4108 5995 3774 6525 104 4169 266 4421 2198 3770 3932 8230 7674 7586 1015 9250 4963 2308 7660 4596 8189 2478 9772 6911 3512 251 8383 9069
74 5616 2475 9891 9856 9461 2626 3599 7597 3228 3336 2278 2891 6294 399 2007 2434 5044 4353 8694 2120 1417 568 9674 4098 4237 6814 7070 1723 2349 1476 3418 9607 8232 624 4218 1347 1028 8528 4713 9453 7364 5804 3754 7235 1166 2310 193 3649
75 1030 9812 2484 9199 144 9175 5403 1905 8696 5132 4225 3571 4543 6719 2656 3851 9663 8720 8421 4196 3065 1447 8271 4139 5492 4342 9323 9448 1930 4721 2955 6223 3298 3163 464 6926 6181 1043 3327 9933 5362 2252 3643 4774 5529 5990 8962
76 9059 9828 1221 4857 8043 9541 3647 7138 8542 8488 3131 7121 4754 1404 4394 466 914 5681 5636 2713 8424 5801 3064 4412 4902 5667 8251 2222 2046 4603 5547 4712 7721 271 6072 3632 3193 3967 9611 6349 5546 4154 1998 269 9777 109 8240 9380 2879 9808 5358
77 9780 9904 5349 4904 1392 8404 787 1076 3183 3530 5247 5913 6897 2981 1403 2681 7395 49 5109 5105 8743 6012 4443 8412 5509 472 6494 7646 7610 943 4058 8097 718 54 7324 1014 7171 259 1090 8991 1898 3848 4853 4144 9563 9716 806
78 7749 4947 1219 9686 2375 7108 7118 6790 3681 6167 5497 7539 5628 9288 5447 6724 4299 2281 678 1676 6116 8278 2711 2652 5235 4213 67 7973 8802 5989 6000 7477 4550 8174 8349 8967 7581 1063 1269 8054 4473 3045 6076 5756 5637 2979 6464 5999
79 1384 1886 4937 9842 7368 6264 8798 4799 9987 1711 4644 5219 4242 980 6611 1759 1743 3195 4906 8590 4360 8343 6234 2019 8133 111 5253 5847 1371 5394 6208 7204 3224 3901 2262 3886 3436 3413 8747 5068 4178 5944 2984 7938 8265 6070 4190 3077
80 5207 9746 1220 2403 2197 7822 7148 3490 2491 1842 2348 7498 3522 5198 7466 3740 5635 4635 1214 6462 400 8584 4199 419 9258 313 7601 950 7388 8116 3434 2964 1817 6842 9403 5337 3985 2152 4758 6162 7339 6806 9239 5185 4610 5626 2179
81 4400 9785 9742 6865 6163 4679 390 2159 8505 180 7606 2784 4396 5538 78 5835 2709 5470 1816 563 345 2638 2006 4588 2734 6425 4320 7937 7941 9131 7656 1477 7699 930 8134 1567 1920 9301 8207 3664 7017 6667 1949 3475 2155 1747 1175
