1 7024 2526 320 1586 1194 541 5017 1006 3408 4111 2683 567 4222 8744 7488 4776 8061 6810 1836 352 1911 2525 5825 9367 8967 1583 5992 359 5716 9812 7007 2084 7775 1001 5705 5847 651 525 7816 4839 7026
2 574 1643 4746 2083 7066 5440 6751 4443 6947 1441 1462 6058 1081 1013 6316 1953 9052 447 1453 5485 4225 5345 2021 3188 7283 3017 9154 9511 8952 5859 9984 3590 1625 9942 3182 5539 3410 8628 6201 4837 5895
3 3545 7954 5833 6622 1960 4076 240 8731 7258 9128 2436 2634 7906 4007 4393 7030 7176 9868 6566 3119 8922 2090 4229 6151 2162 2912 6864 9618 5219 6378 7649 781 9837 1106 1123 7576 9082 9297 8255 647 5813
4 6373 3895 384 1299 9460 925 905 9803 411 4536 2471 6676 9025 5536 8850 4412 8771 7922 6124 7068 8599 1179 9650 5815 4732 2191 3516 1438 5573 8489 1217 1337 6883 2243 9278 7581 8326 1111 5151 8400 7515
5 699 2328 181 7223 5626 7205 6242 8936 1335 1043 3959 9381 87 7133 6424 2595 2776 6319 5905 4190 8930 8228 1590 1075 1273 1140 5959 3101 6893 2757 641 8303 7881 4995 556 3772 5831 6006 992 8098 8168
6 7329 2650 6775 91 9964 3153 2904 2632 8926 2974 7319 9218 5288 6431 8709 660 4226 6789 6379 6060 5770 4583 559 2892 2379 684 8314 9698 5733 929 342 4179 3673 6620 7316 4040 4851 9421 5094 7164 4257
7 5439 7972 2847 4505 9690 572 1020 3697 8639 1536 8742 303 5832 8763 795 5156 4617 3361 1396 2491 4629 5749 740 3886 1609 427 8645 6361 4926 692 4126 399 806 2343 8723 3985 2652 421 9115 1914 1656
8 7706 5738 4235 2717 9957 107 1731 3566 50 9448 7597 5480 3797 418 9706 2132 2669 713 2131 3128 6847 981 8113 7524 6914 7382 265 1466 3214 531 5801 431 7731 4114 3467 3057 8698 4752 3440 3365 5543
9 9213 1221 1472 7305 5961 8285 4738 6240 7847 20 1741 2313 2186 3765 4315 5407 9504 2111 5295 401 4362 3225 911 18 9238 6357 9002 6113 4344 9961 9788 3841 7593 2718 2742 5694 4425 2384 5087 5867 5669
10 2355 1755 1159 3821 9829 2215 5620 8251 3541 5307 1109 4705 4522 2029 7939 582 5941 7747 1711 2362 9366 2494 7029 1371 7383 3451 9644 4547 4455 2150 3583 1101 5077 3201 6968 1703 4545 6718 9669 1533 2153
11 4131 6066 5352 8592 4924 3023 6663 9118 8573 8798 5601 6851 6232 8310 617 7767 2184 4151 4804 3988 978 2013 976 5043 3616 1915 8229 2204 2290 661 4526 686 7250 2273 8780 8875 44 4647 8487 8463 522
12 5037 3884 3787 1 8725 2977 6525 2033 5968 838 4045 154 3394 5467 1635 9435 4847 5310 59 3276 861 3382 6048 6634 5870 1420 5208 2000 3974 3632 7872 7773 8320 6679 494 4592 9040 7534 5756 9727 9427
13 1523 9775 8728 5913 424 5497 1515 894 3453 5338 4178 7118 2950 5575 5523 1753 475 9015 6438 3928 8059 7099 9099 8003 6019 4049 1237 7679 1558 8840 8146 9577 8279 7442 5224 3402 6758 3964 9313 218 934
14 9035 6996 6645 4486 3880 8382 500 8552 1930 3919 635 8257 479 8733 6880 2434 5475 4891 6644 4383 6489 2140 8452 5695 5658 9189 6738 3842 2281 5013 1694 2610 1809 9581 9220 4319 5615 416 9760 8276 6934
15 336 6615 1521 1229 8132 256 4967 8615 6994 7979 221 8721 3915 9344 3836 6950 3053 4198 9711 3993 2293 9688 1302 9674 5199 889 3520 6054 6074 9345 9611 8055 6802 5253 4382 9001 3595 7839 2249 2295 6729
16 7787 1890 8943 3729 5649 580 7190 8583 2002 5533 3226 7451 8559 2981 1624 6183 4516 1149 2887 4631 678 2096 5863 1547 6234 9521 2142 3284 5418 478 2410 7732 5401 2196 6540 1486 7617 387 8057 5737 8826
17 640 9980 741 2359 8051 4254 116 7093 4014 7050 3655 4456 8001 6188 2998 57 4529 5096 6697 760 6212 7462 7799 9262 589 2037 4426 270 6952 4342 7598 5896 9552 6237 5502 2550 3944 7011 2286 8752 7519
18 1546 6326 2173 2711 9954 2911 4786 4921 7189 2119 9150 9175 1591 8900 8508 4432 2793 3227 7815 4969 7606 1507 2413 2063 4501 4390 1967 8655 5134 1508 9259 8630 4984 2585 4017 2199 7379 505 1170 596 5542
19 8100 8060 3011 3663 2572 9967 3791 6156 8924 5463 1541 7297 443 5084 4391 5125 5428 1931 7284 8292 3589 9770 9575 5493 7201 9551 1019 2433 8735 1790 4993 4913 3552 30 6630 7763 328 7893 7261 8116 6941
20 6796 2495 8596 345 7009 4223 1175 5135 6727 4059 5238 262 8218 338 6204 8022 1038 9640 9968 4876 2966 606 8395 5581 6494 7926 6135 6272 9955 1742 8829 8381 8457 2297 631 9667 1435 6145 1654 9017 514
21 4479 6264 1610 5193 7340 7909 3442 7266 4298 5986 4351 8507 9470 7725 6806 1904 8160 7453 4883 1943 7039 8340 5754 5637 397 1764 2086 7734 8993 406 5940 2944 5377 3875 1514 3754 8575 540 3943 3975 8732
22 370 955 3051 583 5840 6143 3757 3497 1211 8180 6121 4856 3275 9338 7193 6110 821 5066 1714 8006 2909 3734 4195 5333 8010 575 2934 2530 4271 1317 3203 9547 3435 4461 6297 5547 7012 7278 2499 2102 1262
23 3503 4864 2760 7191 8634 7252 2198 7239 4144 853 103 1905 5726 7171 1919 6701 4212 3661 8018 4960 4372 6561 2747 6123 165 1220 5999 2185 970 3041 9376 9682 9880 3774 6556 3777 8231 7998 3645 3390 949
24 6579 6443 3160 3736 7830 5429 7042 4227 6009 4970 161 3755 4982 6350 1249 787 9018 9793 9248 1375 5186 4118 2923 5850 731 2081 3436 1183 198 7618 3378 7477 9061 3183 5272 927 1980 2277 6735 4730 1301
25 4217 357 3437 2774 5054 2854 2849 2690 1821 5470 3742 4905 9449 9892 8096 5614 8366 8512 1133 4338 2443 3741 5091 89 291 8474 824 2532 9031 5924 4667 6141 8374 8163 1940 6352 4815 3184 3909 2817 4544
26 7766 4715 2431 9934 6528 437 9462 1228 2042 4295 2609 2477 8646 9029 8944 3215 8867 9400 6368 55 369 1806 6554 7419 7358 1678 8454 9202 9386 1284 4320 3099 5300 2813 8224 194 8529 5163 4309 7965 8364
27 3243 7920 9153 725 884 2616 7096 7374 8502 4520 1934 8736 2613 9887 7215 6777 2180 8870 9659 5132 8212 9132 8043 8969 7487 9454 7863 2943 6695 9474 549 3475 8964 2786 8327 5713 5868 6955 9664 1427 3075
28 4733 1455 630 6077 6793 1306 7255 4989 7660 8245 3849 5491 1067 1035 6937 2104 7716 6682 4339 5772 8196 6590 8505 7507 568 8664 3684 5044 9063 4911 4596 2417 4956 6088 1822 4311 2736 892 7003 6675 8483
29 6896 534 5789 7496 9894 5360 6508 565 5763 5903 2891 7105 5079 2672 8477 7699 1832 1537 4286 4646 4033 9478 6308 3110 4181 6039 9597 544 3770 3468 4015 573 1413 9704 225 8162 1114 9369 2509 1434 1767
30 4525 629 7333 9200 7879 8497 9805 8528 4849 638 2178 3342 5318 511 85 2826 8520 4396 7727 8171 3850 2709 9692 8361 1793 972 7834 9477 9203 3469 8712 7163 7135 7381 6748 1531 5698 5534 9302 8478 6633
31 2636 8460 1010 4060 2059 5101 8200 8962 1897 3533 7669 2340 5050 6868 9142 8174 1601 8836 6422 5912 2962 172 6992 5200 4398 6531 8812 5799 8604 9232 292 2931 7111 2915 6888 8910 6876 4618 5292 9254 3646
32 7481 1085 4948 768 7530 2231 471 5259 5041 3173 1567 8261 9453 9479 6295 7372 9910 5932 3894 5442 7355 2761 9208 1843 5908 863 5728 2326 6784 9269 3509 1464 1867 3501 2164 2568 8464 4440 1916 8950 6815
33 9299 5435 2877 971 312 4514 7466 433 3159 134 9717 6910 2258 7637 3912 851 7002 4778 9731 1203 5414 1707 5123 5685 6281 2600 9520 4424 1629 9599 243 5484 3355 6788 6079 83 5388 5438 940 6309 2061
34 8053 9598 9461 4735 7801 2792 9365 8233 732 9000 6705 5486 2625 470 8624 4573 1758 4768 8677 2170 9847 9445 5568 716 3760 5098 5741 6310 8988 7902 1896 6320 9457 3433 8090 3487 6081 6038 5783 5233 2221
35 9274 7377 6179 8877 9051 668 4446 7751 9502 2213 9053 6461 7615 9592 9995 4698 1117 1817 7446 1017 390 6764 4809 9981 6432 1377 1251 9527 4268 6229 7876 6096 3170 7701 3344 9578 7807 7016 2984 2046 9397
36 1860 4726 9257 2058 132 5598 6334 2673 2192 4825 2492 8683 469 3660 5308 8026 2557 8767 5198 4194 975 9914 6521 6340 4943 7375 8756 6132 37 7867 9705 8845 8401 2970 6605 4175 1060 5409 1903 2271 8313
37 9953 166 9663 7418 261 1606 4202 3377 7108 1566 8632 6511 3898 8832 3141 4495 5524 6070 4369 9990 4070 8541 587 3352 8611 8250 6689 9050 8423 6988 6794 6245 2942 2497 9487 3274 8965 7474 6716 9679 1747
38 1158 35 7770 6210 1873 3874 4528 3564 1318 4301 7146 1000 7203 9646 1182 4444 2524 4633 8205 3724 3830 1003 6655 6643 2357 1722 6294 3891 5768 4880 1411 3334 4954 1543 3794 6867 836 9331 4530 6274 1134
39 1247 4661 2489 4773 2963 5804 8644 8627 2688 2504 2127 2770 4861 4833 7722 8565 2727 5506 4209 4110 7256 162 597 1478 9268 4755 4380 1623 8795 4004 9214 5837 3628 9519 5293 1014 3071 2223 7840 8298 4102
40 4609 4928 1799 6291 9097 7244 3556 4220 9978 6288 8675 5650 5088 7445 3525 9167 8375 5026 6960 6375 364 6492 6822 1153 495 7450 52 8746 826 7037 3664 3808 1104 5170 8142 5874 1670 6536 358 5490 5262
41 1345 2947 3121 8133 1628 6437 2265 6160 1661 3778 8383 1311 2001 2749 8372 8999 7158 9518 7431 9139 9281 6916 7512 7460 1418 1193 2586 2161 7323 3961 670 1877 4376 8618 3490 6022 3287 7149 9022 9034 2995
42 7499 5265 3806 4532 4353 8694 1804 9724 5025 2049 6548 9330 8435 215 234 9886 8049 289 6972 2857 6515 6985 9538 953 6889 6261 3224 9855 9456 3727 9936 6749 1225 340 2916 5314 6846 8272 7291 5261 6783
43 3701 4828 5399 5370 6731 6761 1312 4413 7554 2386 5636 4888 9384 5600 569 548 4878 1511 6187 360 933 6142 5206 2468 3403 3029 1816 4774 7000 4931 8232 1447 8009 8702 5280 4681 7497 9205 9701 4083 8945
44 9107 6926 9425 5455 3726 5148 2649 8638 9615 5585 4363 4204 9028 7021 7542 5785 5548 4611 2200 5430 2089 4641 6965 9631 2476 2404 101 8169 5643 5668 2540 2308 3949 7899 9716 2030 7155 5039 9998 3555 3016
45 3102 6448 8973 7823 9950 1129 6875 527 8448 5686 1772 682 6498 1051 6686 6820 664 5920 249 2767 7476 9889 2310 8550 6595 3060 7181 6073 3540 7500 5608 8144 769 3800 6455 3261 5448 4660 8473 707 5183
46 7692 3573 202 6720 6861 4345 9744 8324 4622 667 3687 6436 8234 8021 4664 524 9452 3346 7575 1781 6565 9537 9851 4877 9622 6293 2449 3253 4725 9593 8878 6194 6102 9324 4365 3614 2886 3124 1483 4466 1642
47 5821 4184 1139 8028 7019 6444 2272 2019 9734 8081 526 6704 8085 946 1026 942 2507 4103 585 5602 7973 7896 8491 9072 6538 916 6560 298 7761 5068 1270 555 69 5952 3364 1073 6108 3677 5567 2751 1002
48 2036 8542 6406 7254 455 9066 1886 7495 9246 8429 5359 8088 3298 870 7341 5621 710 8909 2992 6514 9467 1814 632 7905 5387 3784 8674 4169 3838 5572 8211 277 3649 9283 5876 6065 8710 6656 1692 2777 5625
49 38 8918 8749 903 435 2179 5769 6717 7035 5284 4981 1105 4585 516 2603 5951 422 6467 6714 5994 1819 1580 6998 4637 8362 7752 9864 9846 2875 590 8574 5422 4207 5518 8990 1360 3710 3327 581 3494 1394
50 6826 9922 8465 6365 7083 9211 4564 2148 2377 105 7078 9064 6719 4872 8564 758 8104 4258 5580 9973 6660 6986 3522 3366 3904 3086 3162 2007 5854 2269 755 1222 624 7600 6125 609 6116 4253 6080 7186 4892
51 2533 6813 5106 5492 1909 8269 3428 9528 4531 3813 9594 6742 3194 4397 1743 2773 6557 2707 654 8436 2601 779 6035 6923 9310 810 2368 6519 7873 8344 8385 2656 7243 2643 2447 6282 6621 2380 1132 4598 5879
52 7795 5349 7914 2787 9582 5099 9870 5909 6094 7220 4242 6530 6093 2710 78 6563 2908 515 2693 4659 2811 3869 6025 7197 9904 6399 697 1432 844 353 7216 3835 8102 9813 3447 1972 8479 7224 1195 84 6588
53 8363 67 3479 9070 1949 5933 7862 5003 5149 8724 5159 880 8560 5112 5681 5451 888 464 900 7784 543 9008 5340 5402 6932 65 1103 5680 878 8666 2 1283 4980 3966 6865 1460 6336 1725 982 9 3360
54 4513 5655 6263 2578 8419 6703 9084 6817 1555 852 2207 9080 8121 6577 1976 6586 3130 8954 5443 8145 4450 7478 5797 5499 4600 2106 8075 4577 7270 2902 4694 8946 8038 2737 6458 4297 9786 3464 7087 3718 673
55 3311 8343 8893 398 5286 2900 4079 4370 4476 1459 5898 1912 321 2790 4176 9745 2123 3818 4416 9531 5161 5617 4635 3871 6235 8014 7126 8287 9895 5583 3860 1095 1288 2803 7953 7967 9585 5886 7185 2461 601
56 814 2685 7130 7369 7225 9542 7498 3210 3082 4403 9557 6891 4150 6008 895 1632 3977 8062 2419 3940 5055 5786 1746 3657 3169 9703 1848 6855 2259 9918 2307 2906 9494 1871 6243 6041 1687 2298 2890 8787 2888
57 147 1148 1021 1487 1851 7156 5784 4865 7941 7331 3282 4795 1041 1304 3304 4172 7913 434 155 8331 2421 1770 2703 6589 7175 1895 5246 9613 2664 386 1077 2985 990 2955 242 2658 1549 8470 9562 6452 4464
58 923 4610 6780 1789 6383 5256 8532 9777 4036 259 3155 9589 9212 9068 5531 120 8266 7762 6920 8747 3139 7894 4771 3788 5679 2372 6715 9174 3229 840 7563 1563 9588 9987 4899 6524 3917 8013 4703 4604 6338
59 1634 9418 2112 9285 1993 9134 3335 5972 8896 5049 1031 423 9041 3889 5983 3852 5640 9939 8903 1022 6067 600 238 8130 9446 7543 2470 2794 2349 1198 1412 1723 3737 6017 3714 4266 3417 8521 521 770 734
60 3856 76 1630 3266 2074 8793 4154 5851 9849 1257 8154 9576 3193 1046 7785 1528 8656 104 7961 6402 1156 3486 6647 5970 3768 5185 1620 335 533 5880 7756 3452 3325 4654 2791 8955 7141 3324 5647 9251 2261
61 4551 114 1426 5609 7211 136 771 12 1181 5810 8671 2836 185 4709 6770 9169 6358 6162 2542 2292 7850 3748 4196 7338 2128 6181 9832 3499 4707 420 4831 6756 2052 2865 6092 1929 8911 3626 7836 6302 9402
62 6995 5118 9835 1784 3095 860 727 4627 8431 4182 2334 3314 458 34 1177 3045 8500 1402 8262 9370 5396 9432 5462 4559 4236 2702 6534 6417 1422 7813 9256 8307 1495 7204 5934 9509 1924 6831 6186 3426 7493
63 5230 7367 2979 9253 9321 9859 864 8214 3872 2358 5346 906 9969 6371 8697 1969 1066 4836 6843 1706 1040 7592 7245 9155 1565 3384 706 6485 5291 951 5153 4256 5472 3581 5944 2345 687 8319 1209 6036 1258
64 8727 4400 2559 9997 3248 1600 2070 258 6474 4935 2750 4821 280 6545 2367 2639 8536 8717 8136 3129 3812 3127 8696 6512 8762 3744 9712 6978 6495 2521 9962 3965 6381 6254 2959 7109 6654 2296 5330 7017 6374
65 7505 2953 9420 4785 1572 4788 4087 7074 553 130 6811 9941 789 4109 823 655 4279 9729 9872 9357 5757 247 110 5075 5902 830 1048 2088 718 9105 9900 4859 9045 4614 9451 8974 1465 9265 106 8963 9638
66 6664 5665 9499 3021 1477 792 1700 5168 8585 9879 3297 2964 2329 6496 1502 4758 3289 8925 4999 1554 1504 3083 5904 5987 2394 2735 4474 6158 9428 356 6465 4770 3544 1506 663 9700 5212 5051 1357 8387 7102
67 6300 3565 5447 6057 361 9223 7842 2806 683 8687 5344 4672 6569 3003 8115 1429 109 4026 346 8350 450 625 9845 4588 2147 3339 2048 9983 8126 449 6639 8874 5445 7796 2316 5706 666 5820 4276 6244 3008
68 7479 419 4465 6755 314 1474 6167 5063 2480 1482 4909 5925 3568 493 1099 4350 7121 486 8814 1776 7628 2405 5670 9842 4539 945 6542 6196 2251 6325 1952 244 9878 6977 347 5350 8515 5329 3332 7234 2483
69 9190 8985 8238 9681 996 1339 6273 9011 3031 7844 6699 2003 2741 1125 7711 8673 9573 1922 7472 2332 1719 1887 1948 3705 3476 9239 7200 5630 6421 2280 4322 6114 9758 9436 4756 2508 1676 5690 508 4192 8704
70 9689 8579 2653 6403 5841 1658 6860 9857 1589 2067 6666 9450 3221 9355 2569 4260 2708 4602 8070 9911 5835 2116 8833 1399 6814 3514 4134 3938 6147 619 504 2552 1387 1015 7656 6845 2324 5195 5707 3347 4185
71 1147 9322 9193 7040 8367 9245 1516 4590 272 6462 1137 9121 9316 2336 1526 7855 2093 5244 2253 6427 4509 9227 7028 2513 745 6382 7452 3195 563 1845 7490 4844 473 8106 1315 3521 502 4360 167 8254 8774
72 3692 8626 6385 4871 9007 5142 5910 5069 2175 2850 2011 6184 4357 9379 7076 5022 7286 8958 436 9279 2982 7511 2635 2267 3672 3691 7974 5844 326 7627 1319 4307 8370 9187 6277 9670 9686 2522 8488 5444 152
73 2922 7213 2176 8669 5239 1277 694 6260 206 4019 8293 2752 9789 3421 2604 176 2841 8527 8305 6478 8138 2581 3638 3318 1354 674 4042 2121 6808 8273 7395 4138 4442 6844 7173 2080 3606 4915 4058 5143 2160
74 5126 5948 6711 8011 1568 7100 7251 376 232 9106 7579 6390 9407 5538 9123 2640 117 1893 6087 3756 8403 4900 7782 5437 6430 2312 6468 5526 7427 1366 3094 6380 4906 3534 282 1756 2168 7354 2712 6667 7332
75 5616 3019 7911 7088 2318 8235 2720 4170 7154 6767 4323 8323 9199 2880 9019 2591 8790 1668 8012 275 8941 7970 7247 3064 180 4349 2746 1341 5483 1091 2734 4149 9571 754 2758 9784 1451 5509 9544 4668 9341
76 1030 5178 5552 1927 9897 394 2225 1954 4009 3559 7935 5839 8568 5117 6583 3702 4857 5527 5426 6290 6029 2315 8853 1501 5071 7888 7633 9004 9852 9497 4919 3935 4358 4215 9510 9359 5883 9374 2869 2825 6407
77 9059 149 570 4200 363 9912 3152 7513 7539 7183 8348 2978 9548 2397 1685 1054 1326 8083 128 6165 8201 802 5712 6562 4656 8584 848 3256 5894 6216 4174 227 3050 8404 4155 5341 8629 4121 2275 9488 1956
78 9780 1794 5469 5175 939 3885 6218 6370 7765 9500 5264 4638 8803 9546 6109 8355 5136 1440 9759 4368 8294 7079 1275 7933 5378 2638 7741 7349 6765 8688 6966 5689 5594 542 4716 4484 8616 6163 8499 7695 9389
79 7749 3991 8651 1287 6001 354 1112 3100 4085 3062 2360 5395 6412 9928 7866 6786 6453 8008 2951 3025 7928 8693 3098 4692 4994 1372 879 5000 4568 2647 5607 7825 7051 8341 9424 5807 2487 1380 7365 3039 3997
80 1384 842 6804 2969 1773 959 5157 7501 6925 9740 4620 8253 977 96 4731 8498 636 5481 5061 7786 6734 5718 3117 1796 4934 7434 7128 8438 1290 190 2870 9403 608 1917 3264 7195 5930 793 2785 4259 7241
81 5207 3585 2626 3686 8288 5684 552 368 5231 300 5947 6948 8357 4020 189 4098 7538 3065 2388 209 5289 2714 1461 7715 6470 1798 2516 3887 6459 246 307 1248 5781 7415 7212 8866 980 1347 6033 9157 477
