1 563 872 7522
2 2384 180 2890 6801 4962
3 1135 7433
4 8703 8670 923
5 3654 2887
6 7913 5562 978 2926 20 4277
7 4679 2591 6980 2866
8 375 7468 2620
9 8758 1399 1789 6995 8824
10 606 6198 3578 7206
11 7957 7227 6018
12 5649 4887
13 9121 5478 9906 9875
14 8890 6753 9910 5254
15 9449 1381 3496 3498 2939
16 9550 3539 8422 3491 7467
17 3647 7506 1562
18 6321 6686 3367
19 1776 2418 308 165
20 6831 7716 8788 1426 3020 784
21 1563 9483 2951
22 2061 719 7075 7025 89 995 8959
23 4829 4027 7482
24 8227 7632
25 5934 6039 2882 4796 4955 2709
26 6031 7284 3767 2288 3111 8147 8046
27 7109 6825 2573
28 7013 5950 5780 5573
29 7581 7773 835 5776 5705 5707 8308
30 9901 5969 1880
31 3135 7809 4006 9530 3611 6241
32 943 7972 8000 1573 6191
33 2015 4940 1730 6960 9004 4005
34 4949 9252 4325 4286 4929
35 9864 4321 1140 3861
36 4483 3230 1258 2629 1813 6342 3664
37 8773 5985 6365 3688
38 8329 2176 3324 7600 3120
39 8730 6527 4793
40 9888 4022 4799 5982 6889 9736
41 948 807 4913 9832 9836 5683 6170 1956 6994 3880
42 7990 9830 9847 9828 879 5811 6335 9461
43 9823 9049 9815 9813 3504 9810 9837 9848 2451 492
44 4906 8184 2430 5232 9811 2865
45 3870 3760 7524 7058 7953 7343
46 7181 7753 9804 7909 4490 9693
47 5979 5561 1817 6302 1713 7519 3643 2770
48 8402 9795 5886 4818
49 8356 3638 3341 1015 6322 1633
50 233 6190 3288
51 1545 6377 6143 7917 7760
52 7015 3680 7239 3936 7235
53 1998 476 7997 1626
54 7948 2858 2438 5597 6090
55 5903 5578
56 5742 9744 8596 6600 1682 1699
57 303 5226 5071
58 2528 3824 9515 2669 3413 9993
59 2660 1339
60 1284 2191 5344 9287
61 641 4863 2758 1213 1976
62 3709 8303 756 1892
63 6515 6517 2658
64 6591 1555 5652 8330
65 2445 3614 7530 1356 762 3792
66 1855 3827
67 7453 9712 8047 8727
68 2736 2448 2055
69 6035 6610 7147 6477 5059
70 6745 4836 3086 9723
71 3560 9914 5953 3612 6524 4795
72 3252 8994 4520 4941 4820 994
73 1209 5067 4070 4751 5828 1427 7996
74 9679 8253 1159 9329
75 4842 1022 7110 5281 7767 143 1118 5044
76 1778 8173 4646 2593 9638 9635 7589
77 9675 7621 8563
78 9803 1246 1439 820
79 7771 1067 1922 6032 6911 3526
80 9649 773 3225 1000 5248 5840
81 5968 3088 3277 8139 7059
82 5975 6463 6249 7192 6518 4987 1207
83 1376 1663 4802 4191 1190
84 9740 4807 7842 7458 7678
85 9619 1200 432 6834 2402 3613 4417
86 2401 388 3207 2481 2308 1722
87 9520 9824 3492 8124
88 6355 9595 7061 764 6226 5404 361 9597 2693
89 766 7684 9582 438 9608
90 4766 4792 5919 4420 6761 240
91 1192 1478 7368 207 9307 5147 3028 7814
92 9572 9581 2615 9570 9566 4781 9564 1194 4782 2836 1114 8874
93 9563 1973 4301 7432 8080 3559
94 7122 9538 9546 9548 9418 4983 2922
95 297 3202 79 2007 5376
96 2383 4767 9562 4772 220 5653 4557 6665
97 9519 6626 7943 1189 6676 3434 3633 3624 3890 6046 1374 5202 9915 792
98 4758 368 4588 4753 5362 9829
99 3090 7613 6544 5937 107 5265 973 1293
100 3696 23 5531 1385
101 5441 4471
102 9502 1479 9495 4000 9492 9479 4746 1705 3388 4736 3771 7577 8022
103 1400 2933 9482 188 5877 9475 9477 9481 9497 2368 9471 1009 3347 1542 6631 7906 6405
104 4742 5493 35 805 9473 9464 4733 3850 836 3291 2998 9484 4140 6993
105 2346 5830 384 2269 1808 9467 4728 9432 3820 1823
106 9721 6197 9436 9359 7615 9443 9454 3945 9005
107 9422 4716 3505 4042 4717 3593 5176 9500 2888 2886 6074 5842 7307
108 2357 4713 7688 7655 1844 2953 3694 6311
109 7383 9412 4706 7288 6775 4705 6768 6019 9360
110 2851 1173 7304 3013 8968 1579 3571 6520 9391 9396 5960
111 3008 4693 1131 4469 3464 3934 4691 2750 6060
112 952 8473 3281 454 6301 242 4685 4686 322 2354 4956 9489 8633
113 1178 9357 3597 9258 5373 2487 1442 6124 5696 9334
114 6550 5296 1446 1344 3730 2795 9999 6300 7641 3857
115 2966 3741 1546 1016 7362 8433 9326 8850
116 2869 2335 3594 1772 4669 9407 9333 752 5320 5589 5412 1285 1216
117 4150 1888 4894 8743 4210 2247 9320 9301 1165 8014 7788 3856 1153 7478 4181 7623 9765 562 2363
118 7779 7376 470 6509 3312 3728 651 1226 5414
119 4659 3371 4648 2212 9253 9310 9336 324 5126 4310 9476
120 8840 1105 6744 5010 2202 4886 535 4540 6487 3412
121 9281 2320 4645 2319 4643 9308 1586 1751 9231 9278 7835 218
122 9274 8999 9263 4936 4638 1706 9268 9960 4900 4747 4925 9211 4671 6991 3064
123 6403 9251 1156 2747 7606 6441 900
124 8888 4630 1347 6207 9249 5637 2582 5215 4401 0 9739
125 4637 9244 5435 2915 9868 3298 1809
126 9313 4615 2812 1061 4620 5570 1151 8581 2499 6766 5977 5312 4790
127 9224 2968 9245 2304 9209 690 4926 2305 5088 9966 9726 9716 9448 9200 9243 7899 8156 142 9522
128 311 9202 9199 592 1882 9663 4599 8532 3327 7165 5596 6323 5179
129 4948 2293 2793 5307 4582 5097 6238 5883
130 622 7119 3702 9158 9182 4587 3116 1160 1842 3705 9131 6433 966
131 8878 7337 9170 8179 2822 1652 1377 2659
132 6879 7697 9165 6125 5660 1459 9756 5401 6104 4577 7979 1134
133 9153 6564 9138 7775 1142 9385 2541 2876 9145 6010 2172 1680
134 1146 5156 8536 5169 9105 7201 7511 3031 9147 2697 5230
135 9141 7510 7068 5563 1456 1889 3194 1821 9113 6820 3525 1577 8606 4581 9878 2664 2691
136 5245 481 1695 6583 4600 669 9257 8251 4865
137 5222 4419 2353 9639 4559 8571 8119 2627 5446
138 9140 4644 7856 4528 7450 3928
139 7218 7711 7804 7744 8123 148 9430
140 6127 1343 4537 8996 9078 2685 2422 9070 9068 6354 282 7011 1132 3098 54 2266 6113 2940 9277 2257 2521
141 4529 3507 8279 7152 4432 2261 6465 9053 9039 5037 5973
142 8962 9045 9042 69 2964 9031 398 9038 1234 4040 2032 2258 9040 5536 8778 8923 4513 9056 702 4542 7111
143 2944 2518 1035 613 2492 4868 2897
144 9020 9985 9102 5130 1182 8638 3368 9724 3528 437 7410 3042 9766
145 3321 6823 2249 845
146 7108 9002 4502 3447 8141 5030 251 2848 8232
147 3358 3519 7720 6028 5918 5665
148 4891 4495 9011 418 1959 5444 6096 5334 5485 1547
149 8520 7088 5332 1495 8553 1408 9865
150 4486 5343 1428 4530 9533 5048 279 1708 1736 1007 3620
151 455 9707 7101 8951 1785 8958 612 1018 8879 7133
152 6965 4475 8719 8935 1732 1694 3503 1749 1691 1092 8910 5544
153 138 3147 2232 4506 5198 855 8928 4678 8922 8276 9206 8919 5896 2376 1958
154 7867 5949 8916 1113 8915 4455 3063 5513 3313 7537 7597 8908 471 7833 9860
155 4450 499 1962 4453 262 9381 9998 31 8762 5423 7375 8865 1972
156 4449 4500 9047 6790 2216 839 8892 3396 6868 3844 4082 2215 1488 5078 5072 9061 4416
157 6807 4467 2220 6445 3211 8881 5055
158 8894 4428 9664 8856 8848 3432 1106 2214 8854 4426 7358 7387 3895 5512 2213 8849 6683 6212 6470 2238 5047
159 6282 2209 4421 1292 1296 9389 393 2207 8831 6938 1702 8819 9877 105 6866 6948 4413 1712 5790 7625 4018
160 8858 4409 2204 8816 2630 2567 4412 1487 6114 1411 274 8818 3745 1099 2199 914 1103 1202 316 8825 4922
161 8800 8097 4405 1111 4664 1152 1253 8926 2099 7459 7146
162 549 1027 509 2587 3484 8781 8704 4856 2193 5551 2196 6514
163 8787 8783 8779 6318 7898 8774 4411 1360 2902 4972
164 8189 4084 3161 8784 559 1342 9849 7844 9058 926
165 8792 2820 957 364 3337 5630 6840 6869 8971
166 2984 3609 3145 8747 209 9644 2690 8739 7497 7978 7989 1936 3711 6087 1825
167 1867 8720 8726 1090 5223 1849 3081 544 4359 8715 3265 26 8753 1615 1928 4968 7476 4108
168 8711 4065 4356 6 408 8904 5024 264 8340 1137 868
169 5168 4572 4349 8705 4261 543 39 7289 4347 6543 8688 3917 5703 4431 5346 1089 8674 2188 5629
170 5687 4862 2486 8671 2144 8682 3819 1333 2168 8174 7705 7696 748 5775
171 8664 4331 8665 8643 8795 8659 5264 5410 2171 8646 8650 1080 4604 6494
172 8699 5161 4328 8653 2160 4709 2546 4122 5524 3223 8036
173 8578 4403 2163 2359 6075 5035 6988 6158 3863 5718
174 540 8615 1078 1703 8624 1056 776 1893 6759 8632 336 3927 7756 7881
175 8630 3810 4015 7210 7565 8614 1081 539 5461 21 7175 2150 4275 8685 7242 2002 7739 5939 4399
176 4307 243 5532 1846 4329 9954
177 7680 8619 133 2024 4341 3959 8579 5333 8600 1462 3941 4057
178 2147 789 3676 8586 147 8575 8585 536 5518 6134 2142 576 8828 9048 8113 5454 7964
179 8568 4283 8588 8111 4278 8895 5255 9290 9916
180 8566 7799 2610 9283 9659 8064 2136 5140 3356 8218 3389 4284 4268
181 1005 6696 8605 5785 6319 3733 4047
182 8477 4788 229 8564 8541 5166 1421 1437 1211 3039 9867 5736 9791 8053 7980 1435 4288 8517 2138 3543 8178
183 2476 6252 3387 7017 8516 3380 6499 3158 1704 7950
184 1055 3918 4260 8505 9741 9869 3256 65 4247 8506 4246 6368 3272 3359 1336 3000 5664 8488 5616 1350 3618
185 5381 5269 2941 8509 2986 5858 2159 8464 4249 6475 3227 8472 8476 495 8301
186 1735 7090 8474 4240 2008 3228 6633 9021 985 7718 8775 7851 859 803 5144 6624 6339 9309
187 4228 310 3315 8493 3099 2284 4235 9895 2113 2100 6717 1987 1950
188 8458 9411 7927 908 8438 989 819 7202 8544 954 1990 3238 7878 6448
189 8019 8425 4221 8446 8419 2825 4208 688 8421 8444 8407 8399 2101 8408 3987 3884 7892 2103 5926 3662 3184 1740 7283
190 1560 5902 1269 4201 4205 524 5632 1048 1679 4220 2815 1658 8404 8386 3480
191 8445 8388 4209 3465 4194 1859 7338 8368 9752 8524 8437 2125 9661 8949 8397 747 8377 4186 4531
192 8378 306 260 450 5987 7126 2283 1881 3965
193 3055 5836 8376 9083 4013 7386 8667 2089 4988 2086 8165 3968 7800 5363 5118 5432 2096 7223
194 176 9961 1208 2342 1041 605 4168 8347 7121 2223 259 1622 479
195 519 8371 4163 3079 5 8323 1023 6146 3980 8344 6157 1280 4151 8887 9067 390 1898
196 1038 4143 6540 4159 8900 4154 4153 128 2071 9855 2078 1720 4193 2265
197 8302 6674 9163 8309 8294 2075 2072 8285 8291 2894 8281 8270 9862 5258 80 1868 226 7766
198 8292 9347 2297 3592 4136 1249 145 6769 6917
199 8395 8731 4058 6662 8263 1979 4608 1358 2763 664 5330 1149 2073 7024
200 29 5341 4131 8262 7617 514 8242 2062 8206 8247 3679 3981 7588 78 936 3809 7038 6350
201 187 1833 8271 3551 2060 3305 1591 6245 7782 8228 9351 9919 5357 8837 6817 8217 3838
202 6228 734 8207 7590 8213 8209 8214 5553 5348 5555
203 3167 2056 5698 594 940 9607 648 6258 3014 4124 5592
204 3689 3708 6692 8946 8048 8196 8226 8185 828
205 3693 3293 8187 5669 6945 8190 510 7053 4087 1367 8177 2638 831 2421 8171 6853 9776
206 4088 9874 3914 1486 4086 5633 8164 8984 9816 8260 4212 4075 8148 253 1666 7983 6242 9472
207 7561 8459 4352 2045 1096 600 7374 5944
208 507 7390 9921 8155 2116 8160 4063 8140 3558 3964 4067 1303 140 8658 1636 9294 5293
209 8311 1204 4064 2439 8167 2677 4473 8115 9668 8110 8964 8121 2830 1848 8866 2540 729
210 9897 8254 2942 4056 2773 506 608 8103 1193 505 2104 4055 9567 9079 5834 2028 3911 1086 3727 3665 3110 758
211 713 8104 5501 2026 4048 4822 2529 7393
212 7891 8137 7810 6658 6420 8094 7057 8075 1982 8063 4038 7566 3660 6432 4051 9588 2491 5646 5190
213 8072 8090 8062 8055 8059 8060 3545 2107 250 502 9889 8540 2237 6417 7251 6533 7311 8001 7586 9690 9545
214 4028 477 4845 8074 4468 9509 706 7789
215 9788 8004 8034 4016 8033 8023 8434 988 6371 7408 4014 9967 9580 2331 9599 4719 312 9986 2300 7405
216 4810 8950 8007 8051 7729 1937 8088 6461 3043 2098
217 7862 4629 1985 4138 2961 7938
218 4066 4848 4580 6880 2173 969 1688 5763 9758 4754 4488 9834 998 8939 4129
219 3988 6724 9186 7987 4372 4116 7991 5110 5003 7335 4725 632
220 4885 5577 6855 4763 7975 4482 248 6495 3829 1947 3977 3186 2364 7973 6065 8374 3012 5273 8594
221 7952 3667 61 3910 3915 189 3785 2649 4251 9372 123 8770
222 8965 5211 5610 7939 5221 7935 8906 8490 707 8898
223 9579 9377 9891 6051 1961 6022 7733
224 9084 2539 2177 5914 2602 3960 6976 6616 201 247 899 3189 5456
225 1466 8348 8780 4712 9456 2921 5847 7907 7533 3264 1781 6617 4791 4735 9977 2200 2287
226 3935 9119 7903 7876 7889 8809 3234 9697 163 3949 9688 4025 3944 6490 7681 9025 3378
227 680 493 977 5732 8020 7873 7749 7275 8215 8107 9601 6011 1014 3971 7784
228 4270 3354 7864 8346 2473 1969 8031 1946 4774 7673 3978
229 3719 7437 4698 2976 7846 9625 2139 244 7840 350 2678 9013 3637 1953 3781 1905 7189 3084
230 3595 4898 7872 8157 553 7823 7807 2416 7808 7830 2334 9606 2908 5542
231 1965 7816 9531 1955 9806 7643 300 3904 3905 487 1144 5747 7649 7168 7795 231 8384 3275
232 7847 7861 2365 4563 7832 3900 7812 7791 7792 7794 911 7884 9809 4903 1945 8250 3076 7780 2310 2312 7676 3886 7001 1244
233 768 3891 1030 3888 7787 120 7778 1166 9378 1819 2029 6229 3440 2746 7826 5931
234 7793 7768 153 2579 3878 7762 1185 7802 7703 2509 1354 968 8106 3920 9600 8948 5286 2130
235 4657 3877 8029 5474 5547 3345 7732 67 4961 7730 283 1932 8349 6675 4333 2251 5275 2070 2273
236 270 7728 9001 3533 6670 7763 8803 106 1930 4544 7712 7985 239 334 5374 3852 8744 1954 5791 1935 9956 4445 8423 8057 3626
237 1920 252 5787 6747 3849 7710 2493 7687 7691 8737 7693 9879 9882 58 6084 8501 3033 7742 6400
238 8102 4185 7677 617 1917 746 2519 8280 5961 619 960 478 1918 8011 7591 2564 5935 3903 3322
239 3302 6961 7668 3828 8365 7652 7592 1912 7647 9769 7039 7654 3280 7635 7653 3899 1927 4741 7540 9339 5894 2671
240 1915 5304 1908 1481 3816 7631 9759 7544 951 7622 7614 3813 7619 7852 7706 1919 570 7859 9296 5476 170
241 4078 6649 567 3990 2079 1273 1896 7829 9346 9711 7252
242 4435 7064 7028 7425 369 7605 1375 2010 4425 8238 3950 2755
243 2465 7628 2020 5598 696 7666 484 1852 8191 2523 4700 9399 1026 3600 7426 12 869 4901 3458
244 5480 1786 4438 7727 3835 3777 9787 635
245 699 2034 873 7599 185 7582 441 6506 7183 5020
246 3311 6822 7658 7557 7554 3779 9822 4950 5099 584 5094 7550 7485 7836 5224 9034 9555 939
247 8759 7536 3766 8955 269 7100 1884 8755 3644 7648 4272 7525 8314 3761 3764 3768 488 7545 7604 1164 8618 4269 6153
248 2495 8244 8245 7512 1524 309 4957 7502 3754 614 2192 291 8202 5682 1231 1939 7722 6330 5545
249 266 3758 9166 3743 1588 6155 3748 3746 7051 935 1872 7500 7486 6136 7480 1877 1549 2794 1951
250 5717 3740 8694 5850 7494 4410 7462 8766 9842 232 7888 9792 3738 8907 8732 7470 931 1966 7163 7044 1837 2114 4726
251 9325 2415 3729 930 1862 894 6539 9379 7439 2475 6890
252 1097 7484 219 3721 304 7464 928 971 7514 2048 1894 6895 7834
253 7528 7434 1949 7438 5487 7430 3717 7642 3714 927 4701 6315 2403 1540 3706 7219 9129 4779 4054
254 7445 3704 7731 7392 7398 6447 8797 97 3448 2785 7413 7391 2845 3780
255 3855 5873 7406 3710 466 5095 1906 2355 7036 767 7679 5152 3125 6632 1677 9184 5439 3237 795
256 7397 8924 4060 6962 7367 6884 8151 459 2496 442 5325 2450 1865 465 6273
257 3102 7364 4100 4877 7357 1031 113 8723 4362 8807 3455 3673 917 7351 1836 7854 1225 7215 7136 5848 8002 4271
258 1992 1077 1803 7204 7940 7918 7336 2786 6099 4817 710 2873 7349
259 7329 2642 2333 9187 9037 6454 7546 3865 4011 6693 770
260 7316 5331 8211 4109 4639 2290 9062 8666 6700 7356 7300 3652 7489 1304 7008
261 9135 4012 3833 3682 6850 7037 912 1818 1832 7294 7324 1878 4812 7115 3402
262 3307 513 7318 7287 8546 2478 4099 3751 3165 7291 2408 1806 3889 5499 3422 6944
263 2296 7267 2725 8192 453 5762 8100 7157 7725 4315 1195 9938 5854 8838
264 7274 3030 330 1812 2872 5428 3623 5909 5268 6014 6690 3363 3405 3586 6918 1242 2210
265 6444 4635 9541 1645 3818 7579 7785 3759 7662 7659 460 8223 7225 7213 5599 5916 6112 5745
266 55 7224 7229 7230 7203 7220 8917 7217 3601 4192 2911 5749 5731
267 3607 6679 3035 5631 7315 7539 3603 2441 3596 763 3062 448 7194 5773 1383 5149 6623 7247 3153 6291 6176 3132 6390 8013
268 6381 5135 1800 7191 3783 7455 7174 3585 7169 7167 7180 115 7195 1291 7179 3582 2896 7144 4049 1301 7268 1576 6193 144
269 223 4071 13 6424 7151 3579 8083 7148 1801 3574 7149 7137 5115 3568 9064 6348 3284 7667 1829
270 3580 8489 892 2429 7134 7380 8035 9019 6792 6603
271 445 2912 3572 7143 3874 4364 7125 3553 6079 6935 73 9840 421 3922 6702
272 7401 489 8290 7050 318 5347 3537 5701 1654 2895 2739 7056 5361 8943 3107 638
273 2390 7096 1773 884 7040 3532 2772 3433 7072 6545 1775 9146 3548 3957 1322 9178 8169
274 9267 3232 2264 9974 1095 7200 1575 7097 8722 3550 6958 1858 7073 9241 2488 2862 2502
275 7078 9072 1768 2842 4496 7065 9817 4523 7330 5354 2936 5011 8138
276 9610 2948 4214 5983 1769 5572 7241 8054 7281
277 8152 129 2717 1755 6314 8885 2811 9123 7930 7869 4077 9932 750
278 1734 880 6951 7032 7048 4971 8522 749 6872
279 3756 7020 4838 7672 3509 4019 3642 3690 7954 7317 8966 7023 4904 7002
280 1757 1879 3651 7344 9949 7446 2844 2710 4683 9950 5443 9669 6281 6933 7035 8363 5415
281 4835 6648 6756 3562 1561 7113 6056 1117 7361 4497 6983 1753 217 6986 1574 7880 1739 4680 8508 9215
282 3489 8186 1745 1866 4591 9656 255 6966 6969 6251 1891 216 8937 9887 236 9259 5647 2628 182 5449
283 9940 5117 271 8116 3472 7874 2527 5091 7042 7290
284 5092 3469 6534 6942 4043 865 7176 7686 3476 1741 8127 6972 6936 4332 8982 8947 6750 3350
285 3885 3457 6924 1729 8017 6913 6922 9130 595 867 888 2211 980 3969
286 6916 6529 1895 1904 6896 3442 25 3450 6883 6902 6898 1824 6897 4316 257 7214 925 429 955 7166 3386 8558
287 6887 6909 6892 28 866 3427 3334 6715 431 857 6611 8413 8006 7904 4650 5322 5065 8528 8625 4363 6507 5399
288 3444 5868 6875 6864 4570 6848 8507 8447 6847 4614 4755 8538 6439 7123 2843 9354
289 6907 6567 2957 3426 3278 6634 2236 3621 395 195 2027 999 5272 2253 5311 2170
290 3032 6843 212 9108 5895 2059 3411 7532 6832 6826 9384 6678 8304 2358 7345 7395 9120 3001 818 1619 6612 7977 6586 7371 2824
291 6815 1646 211 6804 4806 4147 1760 2218 6798 3391 2753 4095 8418 3671 5170 1076 4320 7264
292 24 5760 7492 6799 3399 6716 6727 3797 6796 296 1887 1923 4760
293 3376 6780 4381 7385 3360 2366 8198 1797 5778 6803 1820 7479 7516 5908 3379 1687 1472 4757 6685 2427
294 6663 9698 3384 422 3169 8326 8679 7529 7185 3932 6278 8972 8497 6093 5504
295 7629 7971 4196 5674 81 6739 6562 5527 6180 588 9451 4338 4319
296 9768 3193 9512 2645 5070 7501 6733 556 6535 2411
297 5171 5317 8929 611 5210 6117 7245 6062 9941 1476 9103 9398 5107 2619 8389 3407 6687
298 6711 920 6694 6677 7849 9030 6129 5541 2371 4236 9553 4369 2091 160 1490 3698 1764 3417 3021
299 3685 2154 1697 7142 1964 9819 8194 6672 6751 833 1671 3061 5677 5142 910 4120
300 3333 7079 174 7301 1763 2801 5801 9714 1805 8700
301 315 8441 3329 7248 3290 3451 4294 4076 7277 7334 1721 5364 3320 8049 3955 6640 9653 7751 7714 4308 1569
302 1037 3325 4852 7278 7682 1168 6593 3782 3661 3344 3304 9615 6595 3984
303 6710 6625 3485 9782 6619 8465 3563 826 7513 3952 959 7488 4841 1943 7265 9673 1390 5549 3812 9918
304 6602 7777 9747 3700 1460 4768 4317 4560 8661 3246 4492
305 4121 8598 9965 823 3483 6842 4991 7154 9722 4931 3943 1744 2340 8765 1726 504 7951 9312 3286
306 3362 6570 8041 3282 9643 3342 3283 7607 3273 5825 4348 325 8012
307 8259 946 7520 1378 1397 6130 5608 6552 8621 1401 571 631 407 7603 8452 2203
308 6740 2436 8224 2428 3267 3266 6537 9883 2923 6542 2806 7518 7487 9781 8132 579 6111
309 1021 610 3951 6536 6575 1731 7243 3026 1640 9516 7754 8450 2454 5930 4626 2868 8195 4041 1115 4771 9374 9227 2878
310 4256 3253 3502 4636 9463 8927 8523 2327 6501 812 2373 6488 3087 6569 6528 5753 8331 6637 6981 6467 1254
311 1618 9423 6484 787 1788 6760 6498 3429 100 7743 2179 2311 7352 6486 9903 9076 8526 6364
312 6435 1268 6458 5124 9453 6306 6455 3213 3221 202 6451 1526 3059 2724 5588 6440 1607 6521 4649
313 6706 6456 6438 4248 6437 6436 3217 5371 5767 7420 7959 3206 3185 8503 4296
314 6541 9507 8176 3954 3499 6359 8756 3214 9745 2617 2347 6428 4759 6411 3279 401 302 2853
315 9979 864 6178 9514 5970 9353 4119 2053
316 3203 6410 6409 2931 3191 1508 991 7737 9322 2226 1596 9542 6373 8589 6384 5122 8230
317 7070 6404 9029 6398 1613 1395 4566 9592 8793 7734 8032 1585 6701 131
318 423 3510 6376 9349 6443 4675 3992 5725 5154 3137 6899 2337 962
319 7757 9459 5378 3179 8714 289 8934 70 3860
320 6366 9851 2754 7650 3181 6360 4477 4107 490 7150 1612 1260 2612 5556 5397 3720 2361 7526 1084 4242 3712
321 9927 5053 9958 36 8275 3349
322 6340 5851 2057 1676 7811 8627 3157 736 5690 538 2654 4305 1662
323 1138 4548 6361 2118 6308 7663 3159 9413 4298 1473 4697 8905 6148
324 3136 3149 1580 6293 4390 6473 1670 3011 4009 116 392 9157 5659 8454 8622
325 551 6280 9964 6279 7340 3296 3832 8409 6813 3805 8061 5326 4156 8396 6559 8210
326 3826 8010 8736 7280 780 9845 6265 379 8058 8599 6254 1570 8375
327 7929 2234 3129 7863 3127 1394 2370 6005 4324 3456 4118 5897 4402 8222
328 7897 3119 14 601 3108 3117 8620 6237 9026 3449 410 51 4241
329 6247 8322 1052 387 1564 3112 8295 3403 6216 4503 6218 3425 6235 3091 8729 9853 5946 593 3224 9922
330 1551 4576 1925 6222 6192 1550 6205 2624 6555 6231 7160 7902 3089 9198 2855 654 5077 3975 3172 480
331 6201 6277 6186 2779 4510 8903 6182 4133 9382 4561 8299 8815 515 6174 8341 3390 9304 4392
332 95 5506 3590 1034 5910 8221 6577 6171 4096 4318 6219 9801 1277 9183 1535 6388 2889 3478 8078 7700 9350
333 9720 7797 2313 9923 6150 1536 6141 3066 9054 5416 1534 6131 9771 5175 9323 3887 6606 1931 3619 8942
334 1724 817 9406 7102 8158 7638 3461 1002 1316 6086 6770 2586 6221 9796 406
335 190 6119 1341 6116 2372 7435 944 6979 3229
336 6115 1530 8082 6133 1499 3070 4816 1616 5164 323 4375 5370
337 6654 99 5540 2731 3989 3143 332 6164 9911 6082 4696 6721 6106 1519 6105 4098 5029
338 5002 6558 9904 3036 7683 987 1262 6159 5380 6066 3044 8519 3800 1683 755 3255 4203 3069 9749 644
339 268 3103 378 3846 457 2011 5845 1518 5470 6262 6728 6040 307 9069 5051 4292 6045 9990 9196 9850 9439 557
340 4723 6044 1504 3009 4601 2498 6023 754 4704 2197 6072 7633 905 2816 1205 2723 6997 1659 6613 7460 8098
341 6067 7346 6274 6597 9143 3508 6452 2514 9900 6773 3514 6073
342 3692 6160 3005 1651 9192 320 8987 3006 3630 5109 3897 7257 5989 7611 9646 3250 4977 3500 4803
343 4624 2657 5134 6357 5298 530 1494 2975 2981 9678 1638 2989 744 2595 75 3535 7968 6015 5978 2914 8008
344 686 9943 853 5984 5917 5366 5948 7253 91 5887 4030 1685 6259 5956 8811 443 5938 5688 5932 360 9176 2880 9536
345 8071 740 1485 5865 63 4729 2993 8648
346 9523 5819 2960 874 5920 7132 5929 5907 5904 5915 6959 6297 2955 1853 7295 7054 8070 737 295
347 9009 6053 6346 7556 2031 739 2967 5710 5622 9419 9421 9641 5892 367 1924 6829 8162 8429 9446 6052 5900 1261 9854
348 1206 9925 2932 4923 4883
349 5885 581 2952 1177 2246 1474 6999 6622 5068 733 6667 5863 9465 8641
350 5769 6886 7141 732 6275 1980 1970 720 730 6652 1167 3625 4169 4651 9218 1765 3804 4598 496 2443 667
351 5860 5881 5856 1363 1709 5824 2162 1229 3902 5459 9201 5843 7388 722 5108
352 1101 7314 8117 6313 5875 5764 1455 5859 1457 3210 3439 847 5820 6077 3219 6671 9807 8877 1403 705 5841 2813 2252
353 1040 9348 2729 428 1447 6333 7555 7624 7498 9361 7747 8233 721 2666 9937 5788 3151 5661 8352 4091
354 3549 7379 2982 624 7014 9092 5793 8045 5789 898 1484 1514 5817 8122
355 990 7575 2148 9930 8691 1444 808 9375 1337 906
356 5815 5771 1321 2995 1529 2892 9870 3419 358 3431 9898 5714 548 7173 5150 3517
357 1432 6408 1700 5744 1433 3985 3896 150 9284 464 5823 4127 1306
358 2720 8405 9645 7444 5774 5505 4672 5431 8460 5159 2329 9097
359 961 5741 2765 5288 2861 9544 5626 356 9164 5713 2867 6224 5709 714 5706 6037 5980 7670 5893 5207 1425 1552 5720 9117 6227
360 2991 2655 5813 5708 7708 5678 708 5484 5689 2835 9431 2003 974 2389 9957 1362 2929 4189 2623 4157
361 8718 2695 8200 5663 4873 4378 5680 2831 1415 9362 5658 8741 1049 1759 1404 8577 45 447 1410 5697 2618
362 139 8518 5662 5955 2670 5954 1326 2409 5651 5641 8931 9760 6080 3994 8414 5266
363 3527 5748 9852 2838 6566 5617 7853 1782 5620 4876 2810 5639 3926 701 6891 7986 7593 4273 9753 6419 8091
364 6695 6512 9626 6208 2807 1861 6522 2348 2227 6351 1327 5606
365 6563 684 5602 2802 533 5738 2799 5878 1393 2840 577 173 698 1075 6294 5575 5609 1614 5460 2321 1230 4446
366 700 4815 1647 5491 5584 5721 4750 645 2787 6462 7924 1420 5574 6578 6914 5591 7052 9642 9517 1247 976
367 5730 1637 7665 2778 7082 3215 4748 694 1890 5509 8808 8740 7348
368 1388 741 172 1396 3318 9528 6268 8037 8953 8153 4142 9331 8859 7 7783
369 2735 1792 4104 1384 8933 6407 846 7761 5462 7567 2063 918 8401 5587 7583 2850 8593 6553 1191 2208
370 7347 9702 458 8569 1604 3536 1754 609 8120
371 2762 687 8426 5516 9229 5396 1392 1368 2748 6787 5805 2730 8154 3589 1120
372 8967 4176 9980 6510 1025 5469 7717 8142 2592 5294 8738
373 8750 5481 6865 2000 8086 7106 1369 5475 2805 683 7857 2749 7752 743 1468 2647 5612 5418 2689 446 2457 4383
374 5477 2737 2738 5810 5457 7448 5590 2741 7477 2760 9082 889 813 3695 861 6731 1641 5798
375 5611 6177 4379 5465 342 5426 168 1352 2712 9946 8702 4569 4715 9197 3094 662 964 7416 2983 7559
376 5855 2745 5409 5424 1057 5417 8616 2716 915 5382 83 2706 8339 2849 5385 1059 7639 5740 371 5797 9677 4354 1510
377 5403 2718 3374 5455 3080
378 2742 5402 7293 5386 1346 9397 5377 2042 5389 6588 5430 844 1642 901 2224 8684
379 1300 672 8626 5993 5393 4281 8125 3998 3736 2405 7699 235 6038 7646 5355 7890 411 9493 8777 5342 9390 9172 3871
380 5300 166 6511 8257 1790 2155 2688 5928 2307 6250 1938 2594 9317
381 7657 4388 439 1319 8692 3599 5084 5336 7947 5073 2905 4165 630 8350 4732
382 5236 2127 5489 1073 4123 8265 9556 3034 2661 2703 4562 5353 6396 2732 5498 5365 532 4177 1929
383 2883 8640 1323 2651 4586 3798 7562 8451 164 8030 5301 5302 7547 7560 7400 7875 1948 7423 6492 4695 2175
384 6466 5777 8494 9616 5285 8764 2648 7452 1960 5278 3516 8180 4444 4391 246 958 8880 797 391
385 117 3226 666 4724 1566 6554 1643 6830 1449 7302 1650 1661 623 192
386 8182 7669 984 1313 9890 1523 1314 6561 2613 7197 4840 3385 7723 5826 7228 224 7496 234 4424
387 5235 1307 5231 5238 42 5500 8637 7466 9826 7919 1309 3285 2607 7047 3404 850 5671 4447 603 2839 5244 626
388 5250 3083 5218 5212 5201 8485 5188 1598 5728 2555 5197 6568 6954 416 840
389 2603 5200 47 6135 7029 4024 3366 5187 5722 4869 3675 8990 5033 420 2590 9928 2069 4640 4422 5151 6070 7472 1290 5758 8269
390 5016 2588 5971 7244 5189 3004 675 5390 2385 1259 5104 5005 9908 9000 3372 5964 7027 5119 5146 299 2692 9488 263 3126 4239
391 2577 1600 2578 380 1783 6380 6402 8851 5139 2574 4993 5419 82 8944 2165 8333 8453 2271 8535
392 1282 1028 4158 1674 2560 5112 3067 8410 238 815 8713 2943 9583 1602
393 8204 6589 3555 3474 2406 5089 6666 2551 8500 6211 8336 2545 6557 8424 5066 7831 9271 1624 8126
394 5324 5406 3247 1275 5752 5090 2338 2470 5074 2314 8995 547 9095 6688 6267 2474 3128 3180 3588
395 6607 5058 5890 6782 902 9575 1860 1265 4178 7601 1308 1811 5759 2532 294 7034 7758 3518 3684 3723
396 3703 5538 8574 8475 6089 3236 5043 629 9508 5864 4985 5045 5052 4234 7441 4114 7049 389 6723 9970 49
397 8428 5038 6480 7156 6900 7822 474 2076 4992 2501 298 2611 2500 3171 4976 2221 4311 1150 1558
398 2520 5018 7877 4346 7608 5012 2600 2510 6699 5695 5008 8343 5827 6256 6434 426 8385 5125 5726 5784 4592 2276
399 2507 8822 2413 6581 9018 6946 2827 7080 4073 198
400 3830 7140 9920 1620 6903 7162 6928 396 96 2714 9939 3481 2494
