1 9475 7674 6669 2652 159 2890 5815 8833 82 5117 5360 5863 7891 2680 8005 6872 413 1228 2426 5568 2891 7620 8038 838 6414 9668 6166 9122 9098 1050 4946 9709 5038 5572 2898 5866 5762 2579 614 5575 4631 1333 4532 5918 2273 5365 5674 1298
2 6198 2586 3766 4974 5721 5965 3064 9790 1250 5671 5167 174 3037 3304 5045 7450 3315 7645 7443 832 6908 4045 6591 3287 9214 8614 4118 8414 4604 4770 8703 5563 2461 7140 2856 88 5728 9277 1470 5882 4962 2291 5845 4791 5851 9914 2436
3 45 1808 2636 6021 5241 68 3044 659 5826 1462 5867 2920 5784 2541 8000 6328 7597 7374 7503 1849 1889 9857 5852 9769 3806 8109 6904 3102 6146 3109 285 9928 8496 1084 2172 748 5710 2503 2545 5337 9953 1281 5527 5586 4518 696 2668 6413 973
4 156 7277 6845 2182 4433 8850 5127 4436 2914 2912 220 7910 5170 3420 3429 1725 6515 3774 7257 1548 4892 3795 8115 8066 6892 3441 6228 6323 6170 4496 8276 9142 1169 5463 5708 5047 4245 1362 4620 2865 5765 9637 4908 4907 641 2670 8981 5398 2487 1327 2493 4037 6625 7527
5 187 6950 4052 5130 8835 9200 2205 3005 4937 9836 1220 9773 5368 9745 1525 980 3865 8013 9815 6862 1915 6018 3314 6665 3449 58 1719 6837 6802 8975 2110 8587 8524 2420 5458 9521 364 6108 640 9036 4979 2694 5359 121 9208 9958 4237 371 3059 5644 592
6 6428 7849 7883 3704 2563 1285 544 8733 5086 5448 5896 1430 43 2036 1342 8001 4083 5090 9818 5071 452 7531 3771 5854 6701 6670 1726 8095 7692 6807 6249 8626 9337 9125 9357 9206 9374 5571 5560 5521 1378 5582 6415 6008 2329 5240 2561 7368 6422 4659
7 7678 3153 6197 766 5195 5156 5349 2715 2841 4867 8006 91 7872 7927 3912 4856 7847 6856 3431 3453 2416 603 6948 6945 5075 9588 9570 7499 6302 2292 8491 4333 9749 9644 4972 8664 366 9576 5120 2566 695 1337 2618 7542 1820 491 448 7315 7322 5988 8753 2451
8 9053 3590 7382 5326 5149 7794 276 8841 2906 1515 610 3033 1414 2644 7878 975 4828 6944 1326 7651 2552 7522 6651 3454 7990 7157 865 6208 4813 965 3401 3437 2527 9011 4509 2492 5627 1252 9965 1356 9373 5452 1375 661 5665 7106 7616 8409 6573 852 7756 4963 2681 9600
9 3448 7324 1359 726 182 1407 8052 4917 5082 6123 4001 7870 6267 6902 6874 420 6860 3313 1899 5550 4873 237 1701 1873 6915 3446 3463 214 6861 6792 8999 4555 9596 9295 1366 2131 5444 9230 1384 1478 2934 9859 9819 692 2533 616 5526 5374 578 5418 2786 5320 582 2084
10 8598 3387 7006 9328 5245 5966 2933 5860 2506 158 1293 1441 2018 9989 7349 7748 7046 6277 6606 3277 3484 9993 7432 7237 2014 8015 6741 6895 3108 1536 9209 9021 1073 9929 9901 4663 5414 542 9164 732 2926 730 2904 4762 5774 9018 2783 1397 7414
11 2995 4935 5014 5944 5209 5136 5129 2614 2930 5783 5693 5079 5759 1411 2679 2001 1207 6914 6648 7949 8035 9490 6684 6544 6846 6841 3418 2290 650 9671 5498 5651 9846 7959 6118 5844 6126 5593 5319 7998 6907 3237 2275 2959 5618 5257 8819 7555 7215 9346
12 6975 9371 2713 1339 8851 8586 1499 5400 9772 1217 489 8050 6522 3934 2832 3320 6800 3606 7195 9704 7429 1934 609 6878 6836 604 3344 3409 2361 4719 9017 9016 8674 9198 5449 9205 181 2927 44 731 9947 1396 340 3173 7362 977 5666
13 9392 5777 5147 1468 9104 1113 1410 2971 6032 1448 3036 9735 5166 5670 499 5084 6630 5100 1872 392 3553 3548 6927 2033 6735 2413 7586 1706 9757 193 9140 5810 8571 9920 5087 4668 728 4781 9082 1529 2729 149 2667 6833 6932 9003 7174 8068 5361 2623 8909
14 5371 5465 3384 3171 3051 5881 8885 6102 721 4887 5619 6036 6057 1730 468 1971 7484 6191 83 5533 9833 7150 1761 7146 1552 7007 6851 8497 536 9981 9471 2754 2723 342 9432 5745 4806 5250 1372 1527 6076 1279 2567 166 5372 1350 2661 1651 6148
15 5254 42 1415 2583 2864 554 5865 6117 5855 5829 5797 5796 2868 9762 3908 437 3481 1269 8330 3194 4383 3416 228 7860 6809 7112 3152 3137 775 3426 3184 2174 4572 9532 5871 5858 5902 5344 5437 2784 6478 6022 235 5685 5667 1801 5002 2556 5269 4901
16 9488 1048 750 5233 551 8717 1442 1421 9304 9777 6049 6112 760 243 7605 7835 3850 7815 1724 9821 3834 6829 406 1914 3786 6282 8996 9103 2299 9162 9195 9566 2932 1432 5715 5649 632 9878 4571 5870 5849 9383 5877 9354 9343 85 2103 470
17 4189 5370 1492 328 8740 8781 5794 4442 663 5516 5058 9121 5742 4004 8004 7709 3430 1723 636 76 2685 855 6749 1667 2300 8578 8667 8702 9156 4595 9199 4606 622 5735 5722 37 1454 2884 5819 3015 9962 2796 5275 6435 9829 5178 1315 900 2107
18 4182 5354 90 6600 7581 5310 1417 5148 375 4030 7842 851 6361 3427 6764 6847 6918 868 199 300 9780 3721 2019 430 863 1892 7656 1713 6853 6805 4752 8444 5468 2742 1463 5888 5824 5764 2883 2885 5795 1404 2712 6029 1150 8887 411 2518
19 5876 3123 2517 2698 6062 4170 2169 7253 1772 4355 684 813 964 7840 6295 6971 74 4864 5055 1647 2826 7596 7312 9729 3828 6696 1783 1571 4106 302 2700 2164 2192 4285 1475 5754 4222 5016 6103 5342 5232 5196 9023 8916 5712 4940 3633 7364 4300 9895
20 5832 2599 5181 8765 8166 5066 682 1700 6919 3275 238 4181 930 7347 5510 190 177 4885 1193 7670 7536 1000 8189 1003 3368 4986 4829 989 6220 388 4570 4596 9174 9896 9711 2486 2773 5872 2938 1474 9161 5864 2942 9143 617 2925 5513 5470 75 4275
21 719 8078 3873 1833 3782 3911 6871 1756 791 2212 7621 1344 941 4882 36 9457 3095 6230 4410 9375 4684 1168 1163 2325 9311 9300 9250 143 3142 9185 5820 2287 559 2283 9050 4492 1117 2229 5672 2216 2208 8852 8795 5690 2196 9682 9225 9377 4369 8959 8695 2105 581 8516 65 1079 4257 4998 2380 8360 4767 8314 9510 3952 7774
22 9581 4760 9688 862 2365 9131 4650 9272 5868 1465 2279 1138 4550 141 2334 5772 4524 9006 4457 9885 8904 2846 1104 8862 1180 4428 4423 4420 8842 2204 8787 8780 2193 8759 4378 2187 8758 2425 8720 4359 8380 4301 1075 4233 8449 8411 8408 8308 8243 8393 2046 1728 7411 2514 2544 4058 8092 2016 2007 2504 4361
23 701 4764 9443 286 9155 2785 9025 736 8873 8859 4716 5157 4628 8368 3205 674 2194 8458 1427 1256 2547 9983 1742 3488 7509 623 9923 6048 4727 2341 2411 6315 3162 4860 7064 8457 9663 3924 469 6254 7139 3084 296 5386 6059 1428 5543 1473 6038 8932 7887 1199 7264
24 1215 3609 9447 4560 5846 9227 5740 1151 9079 9076 9033 5680 2339 9489 2429 4673 4642 4145 5861 2320 594 4687 5000 8666 133 2404 32 2540 4328 9823 9297 9551 7975 7027 6957 8879 1041 5089 9849 8302 5091 6797 6828 9705 9041 8228 8548 6074 9192 4171 2338 63
25 9351 9117 9194 2297 2442 9891 9179 4573 9165 8834 8756 9238 9622 8673 8322 4174 6037 4163 3110 7039 9434 2998 8352 9411 8796 3837 7778 6965 6938 1645 3222 1656 3276 272 4956 1107 9972 8838 9642 7094 8247 8164 41 2444 3008 4502 4364 4978 531 6091
26 6229 8878 553 9202 9940 4957 2860 571 5883 9229 5857 266 365 5850 4545 2274 9203 5763 5121 4497 9072 8907 8892 8591 4425 8882 8860 1103 2475 8847 776 2206 4819 9405 2181 1087 4618 4686 4670 1077 1078 269 8632 9508 8576 8535 8542 516 2170 9723 8589 4135 8240 4111 4678 5107
27 586 570 4581 1143 9942 4944 9933 9139 9123 9129 9115 9097 167 8924 5687 8867 8831 3644 2337 9451 4388 1083 5070 2513 9689 2148 2314 9278 1910 2151 1171 8908 4737 9553 9567 4742 875 5061 4731 3966 1814 3691 8326 18 8363 517 3014 6052 3985 9786 9188 5473 4329 6014 6627
28 4611 577 4980 2281 4503 144 5345 9454 2323 4123 4629 3049 4096 8726 8469 4251 8506 7243 51 1692 2802 4732 4344 6763 9280 9501 9207 9712 9564 4934 9409 4704 2173 2453 6958 8459 4863 3933 921 1827 3699 8556 5009 1209 5559 5633 5729 3030 2456 4923 9544 8114 9741
29 9413 9211 9858 598 4773 336 8778 291 9669 9629 8381 9356 9107 0 5390 1121 356 4305 8616 2502 2539 8550 3464 1170 533 4351 66 4845 5040 4740 4534 9345 6964 4429 6934 6913 1843 9605 8485 6662 8555 8749 547 2985 5970 8784 5953 8307 8096 2507
30 5798 9282 5703 1440 1247 9075 2954 2916 1380 2755 5598 2664 9428 9537 606 8718 4089 4724 8680 5023 313 5028 2522 1045 7059 5024 7025 4743 4776 9681 2108 9525 4299 9530 8303 8379 3140 867 4859 114 6751 6832 6761 8241 2054 4197 624 4586 1212 9768 4915 4131 3595
31 9215 2265 5837 9584 1140 9126 2228 9019 2570 5005 5654 8840 320 5380 4385 4375 2183 8894 1166 546 4689 2184 8661 8686 4294 1188 628 8761 153 9421 112 9659 2407 4162 6827 1273 3509 1729 3874 7391 9569 5085 2434 4884 4138 843 9991 2099 5042 4014 4188
32 9191 9180 4574 9038 5535 8856 9568 8797 2304 8547 9263 5714 2101 1203 8828 9619 9851 5012 8617 2100 7816 3356 3456 7001 6996 2369 9673 8599 5026 1654 7813 7879 9070 4426 8643 155 162 9631 8633 9572 9582 2498 1705 9505 2075 5021 1533 3021 1289
33 1141 9168 9054 2765 5613 9366 288 9219 9273 1429 3242 8933 8798 311 9491 2542 9254 1226 8284 6976 6719 1261 4780 4258 9355 9617 9276 5081 9534 9597 7103 8900 8531 2543 317 7562 3712 4270 1347 20 4590 4895 3956 638 2594 3038 511 711 4964
34 2921 4989 1386 5595 1365 665 8843 1926 273 9416 2201 9391 4694 9309 2322 4799 4370 8668 257 4178 8253 1747 4402 600 8721 9390 9609 4676 4838 8401 505 7129 1743 4499 5111 9639 9062 5019 6917 3478 6619 4320 1266 5805 2749 2523 9987 8574 8412 7996 8395
35 5835 671 5262 5939 7011 1152 9378 2343 4622 9708 4713 4722 9235 9461 9425 2511 5781 9482 2382 2495 7247 4583 9464 4637 1249 9359 9547 4177 4312 4434 297 9587 9528 5631 6314 9009 129 8342 8962 9813 5101 2505 8002 4682 3421 5507 2467 6012 2217 9163
36 9058 9049 2672 688 8870 6857 9884 9286 2353 4607 15 35 4621 9406 4190 4185 5802 1089 9363 2370 545 1085 5080 9739 5048 643 2549 5827 2949 2006 4654 9998 608 2087 260 433 458 7302 7594 4176 7220 5017 77 6783 8061 2268 5054 5050 9555 5707 647
37 8995 8725 8724 9646 9288 2188 9361 9251 8625 5724 4311 4249 8471 4183 2439 2096 9380 2499 8700 8728 2509 38 3563 1128 7005 7673 9389 270 4815 8764 1195 9465 9867 8868 9088 2515 8563 1274 6733 6489 3352 2516 2721 717 172 3024 5591 2879 2957 9918 9700
38 9151 8861 4616 4662 2198 9695 2418 9224 8327 8530 2873 4307 7751 5010 1174 3018 4785 8206 8511 7131 3494 6999 907 9287 2675 5027 4761 9616 8713 2466 9427 588 9626 9611 8973 5094 315 29 4485 1851 8823 4936 9542 501 9452 5029 5007 8265 5211
39 4467 660 9440 2335 4660 2252 9385 1178 9258 8281 8377 541 2232 1485 1532 4652 5096 8296 6954 8939 9233 2390 4748 5006 4280 9513 9469 1156 1780 7023 6967 9269 9843 9638 5025 5088 9514 8179 1714 5391 8218 8416 8290 8225 341 6017 2288
40 4397 2234 4801 4634 1042 5031 4535 9811 9627 4227 4137 132 3573 6866 9393 893 5350 565 4749 9526 4382 3535 8855 2080 8337 4090 866 8129 7310 8175 1335 4778 4010 248 7961 3973 7963 7913 3935 1185 1202 2421 9950 7799 4741 1930 7713 480 119 8682 1916 3826 3829 7652 3818 5517
41 4804 9360 2163 9246 1038 8543 1067 8503 8464 9506 1049 2401 2373 5488 8577 8249 9776 8238 8222 8122 2030 8089 8106 8254 249 9922 7962 6044 1094 7893 8762 981 3928 2419 7836 1950 3885 8300 4143 967 7749 4886 9722 3843 9744 1755 7666 118 7658 192 7619 7601 8955 7593 3779 3758 937 7470 7435 7422 9982 8180 3634 2388
42 8544 8453 8579 8468 8406 8432 4122 8286 2195 8178 2147 5051 1373 745 9898 8631 9660 8723 3982 2092 4833 8191 4100 8538 3776 8390 2428 3801 947 3662 903 5493 2929 7628 4725 7041 9102 9775 4505 4484 4490 4510 9020 4297 1834 8582 1464 6404 8110 4625 8009 2423
43 8450 4759 4246 5069 4458 1014 4034 4126 4005 7974 7952 4627 8266 1253 2410 3904 8518 8528 2132 8040 9173 8369 4019 9372 529 3849 1905 7588 557 3792 7564 7515 5622 955 507 3728 7447 6140 2458 7469 7445 932 3688 7342 1798 7991 7280 453 3993 7246 2400 7123 7165 7066 2528 3517 9556
44 2150 602 2068 2263 256 9930 3373 8237 9907 1994 3019 3040 7931 9495 8274 986 3989 9562 9575 4127 9187 4147 5817 7702 3824 8692 7930 3820 7262 3787 3790 1877 3976 7366 7968 4013 9210 4462 8965 4326 2257 7463 891 7214 7938 1875 6810 3188 7492
45 526 4115 1109 8364 9480 8710 4067 3983 4809 1025 304 7679 2058 1996 6437 793 8812 2403 8689 5133 6708 84 4612 2066 4074 5332 2666 7172 8168 9560 7365 5816 3853 7241 3012 7057 4439 9028 1129 8929 4479 6782 8994 3959 9748 5032 8187 6673 503 7534 7688
46 8220 6343 4114 8207 4057 6754 2778 4217 2524 8231 7957 289 8754 3997 2532 4158 135 4204 9087 8008 1034 3839 7830 9792 8137 8148 5505 4027 5531 324 6110 8113 3732 7465 8021 3979 8998 9108 8902 9074 6943 7164 9586 9828 6028 1237 3970 8167 2386 3642 124 6511 9784 3143
47 8141 8152 4066 8140 8399 8400 2876 1505 8751 1093 1969 8176 5052 4858 4015 252 4193 9531 4822 9690 4782 245 7838 1952 954 4261 3894 2342 982 7676 7591 2047 4738 1869 7373 549 3967 3738 2621 7339 3994 1005 3842 8174 8935 7583 1975 4407 6755 8151 126 2994 8311
48 4049 8039 1030 7984 3960 89 130 8573 8193 7773 3164 9494 1009 1749 4444 1098 7582 4564 4818 4696 9222 2354 8509 9800 4317 5652 7221 7994 2972 5825 8116 3372 6381 944 4528 4536 9013 3578 6569 442 892 3493 8165 2041 7921 6974 2406 1993
49 8103 4065 8246 2496 3991 8227 4996 3914 7845 2144 2394 1239 8526 4116 4264 484 8251 9317 9548 4736 9056 3835 7672 1908 1920 4779 9365 5600 1294 1857 3034 7888 4970 5688 4372 7350 1884 1992 3689 5203 7657 4569 9903 1112 2250 566 7738 6153 4827 7690 7194 845 7820 6491
50 8653 9284 7855 1271 1040 8415 8540 2293 4529 2395 8250 2468 8564 6676 3808 6163 8813 9327 991 8318 5578 8821 1319 2520 4992 2121 1401 5191 5202 4414 7909 3740 7273 1246 3031 992 3600 7599 797 9086 3561 9193 9069 2261 3988 4811 1071 5948 7850 3530 7947 7456
51 8044 7901 3937 4166 9718 4152 4200 4834 9302 2375 7988 8532 4348 8638 2011 4124 1460 4515 8536 8775 4180 2730 1856 639 6134 7378 1828 7353 1502 7495 9401 7627 6642 4537 9503 7228 3838 8777 5225 4646 8522 8845 3734 3962 7861 7178 7272 1868 6830 3227
52 4753 7914 9714 9988 5008 8651 7787 5077 8481 8234 540 8820 8418 4495 8463 1932 1477 7745 5403 7671 7869 3507 8857 7560 7846 4343 2560 123 2034 7622 2309 3046 923 2665 3052 7956 8030 3864 8853 6290 3424 2115 7119 5110 4961 3652 7002 8501 1697 3403 6843 3708
53 1959 9601 2417 4632 4259 4099 8282 4144 1290 3881 456 9133 4387 8911 4032 2176 258 2928 1292 1405 6646 6143 1146 2032 2015 3978 5174 8158 461 180 247 8056 148 4508 8930 7137 1277 8888 8772 4783 9905 8219 7788 2088 7517 7789 7399 6730 233
54 7782 8297 8315 8267 281 5895 5153 5632 3844 3919 2013 7667 9721 3847 8500 1906 6436 8309 619 5192 2799 6296 1402 8931 4132 2004 2316 673 998 756 3067 2200 381 500 6232 5099 3788 7055 6825 1953 217 6858 25 2437 2095 5660 7602 4695 5950 1991 224 6898 6835
55 2135 626 1938 9166 128 7689 7698 3845 3122 7715 7151 6411 7065 8263 9084 1118 2260 8213 9247 292 6213 3303 9455 4011 337 9876 5648 5199 8041 7354 7306 7403 8340 4029 8014 7970 1811 3998 3614 7604 7107 7156 5092 1655 7965 4063 3810
56 3831 7653 3860 3827 405 6245 6864 3201 7636 6516 7436 3278 9467 6221 4774 4953 2233 8294 161 1096 4201 2833 3273 3310 5249 3508 7701 4930 5438 2657 6100 6075 7737 8133 4557 7563 1006 5078 6984 2222 6855 3572 876 9667 889 4271 7804 7843 7371 1665 7978 6806 8194 6405
57 7662 3815 7297 474 8906 8046 4486 3746 9719 7985 7455 5770 5420 9955 2608 9753 7703 1839 3675 225 7336 7345 9116 5830 3705 9935 3525 7130 1409 2508 6653 3599 1736 3576 1086 4453 7141 9911 7095 3965 9519 3526 8252 1841 3224 1786 7192 1361 8792 1967 637 7424 3857 496 6787
58 7576 7606 1130 8848 552 3772 4808 3987 2037 4046 7976 7980 5478 4194 743 7316 925 4938 9149 1917 1837 1866 3298 4988 8435 4603 3695 8925 7258 7276 700 2278 4814 9105 3571 9066 8323 3915 631 4786 6685 7303 4234 3597 7034 3521 6636 2025 7440 3727 3157 6823 3279 4913 6240 1313 5216 9837 202 7460 7234
59 4078 3775 7609 9635 6578 7330 8120 7516 9268 4017 3716 3731 7375 7369 7680 3647 3648 7592 1792 7190 7209 8260 7000 3490 7072 8062 942 1721 4836 519 6875 4075 6786 6714 3319 4035 8269 8291 8304 1649 3475 6401 1601 9402 6455 6465 8706 3706 5402 9788 3760 4947 3082 2895 7805 7775 6906
60 4466 7584 7511 7539 7439 4757 2693 9592 1520 2965 3707 3702 908 1794 7299 6270 883 888 7111 3130 7062 8474 7036 878 3515 7958 6924 1744 3382 6772 367 4148 7758 8370 8461 6877 6443 1733 5335 7067 3793 4283 8344 9318 8940 197 8736 4688 2706 621 3601 6821 9474 953 9841 6088 7187 7722 9418 1445
61 7427 934 7179 3632 7487 1807 3681 7191 3560 3524 60 3610 347 7361 7944 1784 185 5587 8349 5369 576 2948 5963 2984 55 8621 3884 4161 4226 7757 8688 6977 3204 8942 6487 8495 7083 1101 8809 3294 1646 9450 4150 4459 4973 396 3589 8945 6264 1027 7348 5486
62 2038 7320 3592 7343 3516 4766 8214 874 3519 8277 3417 979 4942 6979 3741 1001 739 6795 1694 2629 6997 7009 4002 8769 8512 1771 9367 5015 1553 6156 5214 1135 1469 6403 3293 4842 3178 3900 7600 3270 8881 8622 8763 3752 4450 8846 6311 8918 8941 8443 3107 7326
63 1826 5741 8027 7235 7096 7031 3701 3679 7084 3410 7817 6947 7572 8264 7393 530 1176 7917 1218 67 3392 3434 1695 4658 938 1483 1774 8601 264 7053 1057 183 6400 6495 1033 4357 5750 6132 2073 5743 5145 1945 9945 3066 4531 2572 3161 467 6377 6722 6542 8816 7134 3399
64 7318 7313 7735 9031 3656 3598 1777 1770 3532 3557 873 6966 7260 3667 250 4025 4589 2960 5700 5704 9093 7268 2071 4140 933 8844 4284 3879 1661 7035 278 5956 9852 6518 1613 1213 2402 9578 495 9493 8357 1912 4342 2160 4705 12 4337 3663 556 8928 9882 6149 4097 6301
65 3636 9435 9561 3551 3471 7331 9856 1260 6922 7459 4948 3587 3745 3500 5159 4638 2947 5904 8917 8815 8552 6582 9620 6063 8489 1068 4109 4340 7779 3085 1615 2307 7168 5676 1949 9649 4220 5004 9715 9101 7905 2405 6325 6506 7223 1891 5481 277 6202 6172
66 7138 1769 3511 6982 436 6931 3575 1818 2482 3856 3913 7543 3764 3744 4009 9803 4514 1865 1368 3770 5506 1519 2955 5906 872 6145 6098 5974 8482 125 8341 6321 2060 5346 4549 1763 6962 154 9726 72 4159 9333 1979 1989 880 8985 9244 464 9523 7521 4872 8539 8236 4866 3901 3375 7796
67 3765 295 3452 1691 1712 9408 9150 3907 1961 7607 3625 7412 1998 380 5496 6690 1680 7267 3817 9497 1489 6721 4448 1063 3896 3129 4103 3231 6611 6490 4133 8635 4876 574 7567 7687 7897 8836 7972 651 8658 5231 5678 7966 9697 2494 2659
68 2381 9492 9692 4909 854 3671 7894 7323 1644 5949 8494 996 1487 5916 2771 9078 5301 5278 5879 5749 3545 5699 223 2355 8558 7077 96 2225 6624 6594 3213 9796 4482 8804 8671 9171 4142 4558 8738 4296 1633 8788 262 4437 282 8986 4775 1099 6216 960 9478
69 9670 764 7337 1831 7251 2005 9732 7383 1053 3620 81 662 1677 939 7305 3724 6675 4577 4929 3362 7135 753 1182 7213 9706 8288 2944 8675 3888 2125 3301 8221 4240 8310 100 6417 8473 2045 2449 4269 8405 298 9364 1978 8306 486 8895 8978 6442 7341 7806 9607 3876 969
70 1717 9890 1805 3496 1016 502 477 8053 338 5945 8663 5307 2840 216 5446 1433 22 5935 1423 9067 1986 7370 7525 2044 1585 4919 8255 4112 2077 8295 4149 8210 6758 2070 8271 9676 807 7710 7826 2180 3053 9379 8202 6593 8685 9022 2264 4984 5549 6667 1369 5789 561 4789 2980
71 1711 1817 3169 8026 3630 1835 919 4175 2992 6007 4356 675 2562 670 2722 373 5647 5998 1618 8665 4295 6006 5808 4602 95 6362 1606 6492 1341 3125 4861 4653 2484 9386 4675 9479 9306 7073 8818 5536 7618 4798 3710 5215 24 6217 7533 9307
72 3423 6973 3968 8183 5653 3972 8017 498 6092 7244 590 6016 7158 8285 8968 5315 5312 2989 734 718 943 1172 3635 1796 3065 522 4157 4883 14 4129 6621 6632 241 7783 6777 8312 959 8521 6592 8922 9881 8527 787 7518 9112 3796 9030 5375 2881 4897 2067 2791 1596
73 3440 2368 993 8085 1942 816 1629 4803 4327 6445 6444 8954 6500 3297 8289 9324 4630 8642 3166 3280 3603 4136 3121 6192 6182 3328 3061 1504 758 7196 1886 1537 9717 9509 8921 6526 5923 7640 1591 3354 8456 6702 1479 5615 6356 6503 6184 6271 9410 3080 6164 2254 3767
74 207 3236 4830 596 1616 49 8766 4309 2141 8714 8937 6393 8679 3158 3215 6666 3678 3785 8877 6574 6024 7056 7612 1498 169 7825 2973 210 5732 4373 9325 9419 1640 912 1845 1570 1513 5576 8069 770 3624 1318 6260 5812 7508 3072 6532 9423 3168 5161 8596 3062 7153 2956 7641
75 6599 3226 1641 4338 6461 8934 3267 6231 3172 8890 2154 6313 8910 473 1542 3871 7240 9267 6750 3863 7766 1494 2924 378 858 2977 5306 2817 2893 3737 7795 8534 9262 4706 8537 6589 1008 5684 6342 4409 7360 6324 5907 1543 47 1550 6269 2936 7540 8618
76 6570 3256 3235 6425 1192 6493 3228 3262 8575 8594 402 6427 6341 7201 4566 3182 1555 9415 1219 110 2686 4914 1754 1524 7321 3094 6993 1467 5122 1453 9424 5922 1161 5775 1611 3822 6394 6333 7669 6886 3002 1731 8554 3510 9253 7644 3369 2422 4516 6921 3645 2357 824 936 7471 5638 6441
77 3249 3247 6497 5539 5 6485 3565 6502 3953 9095 8584 6439 1593 4454 4452 4341 1081 4726 6438 9664 3127 7388 5063 9877 6072 683 2445 4843 1495 6020 5980 5931 2997 6004 5995 6107 5961 9652 757 372 7902 2978 2953 4927 2393 5813 2311 2448 2537 5698 5717 7559 3386 697 6479
78 3216 3240 4303 563 8969 403 3149 6234 4480 9549 1562 9980 1913 1521 970 3439 6747 1802 1797 4079 7727 3892 2590 39 9228 2235 4578 4633 3096 8650 5104 5067 583 5628 4648 1624 3549 7127 1987 8354 160 3111 6116 5624 6366 1594 6305 3120 6266 1559 3074 3106 3101 5561 694
79 6430 9448 4671 8590 8919 1590 7230 6284 462 5436 408 7327 3079 1541 8477 4889 1883 59 1948 5083 6811 7696 7792 3028 6433 7307 2979 759 101 9893 2910 1450 5799 2460 179 2880 5697 176 6297 6391 723 4319 195 6273 3163 6335 7332 3098 5650 1540 1522 9860 2630
80 6440 6424 3183 8407 8545 8791 8678 8566 1066 2239 6278 6242 4069 3103 5074 3715 1679 972 6171 7753 6705 1919 3241 7102 1621 6345 2982 4610 9196 1457 4335 4656 8773 3253 1286 268 1565 1582 8048 1438 6981 8136 1586 6289 5996 737 2962 7386 6159 2119 3840 6157 6173 3570 6804 4087
81 3187 3145 395 4447 2554 8952 40 5929 7790 6073 7691 8569 9394 4256 4874 3777 7097 9376 7767 7771 1929 5442 3251 6486 9118 5993 3180 5695 669 1173 52 4399 3263 3244 17 6691 4920 3154 316 5221 441 814 1576 6308 3197 9615 9388 5280 5392 7502
82 1579 445 9853 9764 7720 3899 9459 4926 3898 6657 1674 6727 901 956 7045 7765 7743 3882 7076 310 6585 1490 9160 2967 733 1142 7044 5737 6376 1977 303 618 398 1471 5927 1850 8059 4445 7920 5363 6080 1628 808 6713 6251 6327 3057 2306 8640 2349 6663 1627 9577
83 3155 8709 205 1051 1704 1822 6030 3867 7699 7723 1923 6731 3332 184 2950 2331 4599 2525 5976 8794 9090 6115 1280 5259 2632 4128 6175 9595 7069 3869 1632 803 7570 8684 4853 7398 5630 1251 8382 6196 4463 2483 5158 4666 6169 2709 4954 3404 9645 1551 1363
84 1566 102 6683 6154 6879 6150 968 974 2677 3346 2359 1787 7032 3541 9172 1825 5822 2909 9654 4657 3246 564 6378 8871 2551 1353 8475 6991 6545 1488 8087 772 762 3088 5733 244 2902 2831 3980 4968 6316 821 3135 818 9900 5937 6397 8353 5432 5284 8670 6575
85 6261 6796 6720 7175 479 1759 1675 434 811 4739 6859 6658 1420 9183 6854 8042 7304 597 6364 8215 6552 2887 5347 5072 9996 512 5270 7363 4800 4614 595 7133 6195 97 6193 5626 9840 3200 783 8742 7486 3045 1181 882 3345 8402 7741 98 1648
86 3016 3060 9589 7704 9951 8080 4717 7769 7682 9937 7110 1854 5596 194 3255 6740 4792 3377 5297 5311 9332 8824 2877 4669 568 5426 9232 9083 7081 1973 7635 2029 2816 1043 5164 1388 5172 6371 5155 6317 7019 2732 4411 2571 5491 2716 6235 2134 5453 7207
87 1179 7216 7222 1846 3482 6664 422 3264 6623 6681 9462 6826 8093 4692 7981 725 9220 532 21 4533 1023 3290 5073 1642 6471 664 4421 361 9323 8028 4645 478 6527 3428 3097 6109 9399 6355 7376 1580 3196 9698 196 390 3607 5960 9650 2969 6480 7021
88 9738 2993 3611 9740 6152 7380 4718 6459 5244 3266 740 1760 7087 3335 7800 771 9186 4446 4559 2646 9458 1589 7242 5162 3321 157 9299 6365 6119 2697 2575 2319 2362 9396 853 707 4755 5933 9610 8690 6583 826 6499 3687 5173 7544 2751 3583 103 4793 2810 6537 1508 8636
89 6056 6001 8896 3425 6543 5967 6819 5206 5696 6652 815 7750 706 2064 4093 2975 173 5556 5739 685 5425 9178 2835 5304 2671 2656 2262 331 5265 7764 1321 2645 9827 5268 2615 2237 2593 2581 649 7217 7218 7433 1265 5060 4911 5605 5139 4007 151 8806 5141 7263 459 5286 6631 8032 251 6798 6068 7319 4412 1345 4635 6135 7162
90 6781 3126 6980 188 5171 4723 4519 5668 9040 780 171 2775 3186 1547 2744 7960 2687 2651 1317 5277 2538 323 5222 360 2595 9502 115 1880 1544 5848 729 2869 1392 5565 4623 9046 2447 7292 7585 2488 6768 3394 165 9938 1297 3749 9691 9948 6086 6303 9563 1634 3311 575 6762 7008 2143 6737 6587 1637 722
91 2849 2823 5645 440 3505 2557 6250 5534 2578 5520 2236 6379 9055 5925 7467 2613 6218 5253 4483 5878 871 9919 8889 997 5834 2790 5839 1418 1458 5577 86 3641 3805 3594 1216 2827 7940 7269 708 5381 9789 7895 1874 6201 6533 3274 1295 9971 6513 6960 1793 9799 2952 8465
92 1408 2866 5608 5583 3383 5553 5566 3139 1575 768 6167 8201 8365 5406 4117 9029 3761 1980 6820 2474 644 5689 9694 5720 5727 713 2658 2708 7514 2246 1741 7208 3485 7550 1775 3591 7250 7204 3627 5294 7551 4366 634 6203 3092 3148 6564 2371 6332 4965 9431 7577 2907
93 5604 5062 2795 8523 528 7475 928 7481 1456 4221 2747 3755 8634 9864 1707 7513 9701 4055 1683 3035 9092 2276 1147 5352 5833 1137 1416 5485 5295 325 2702 5986 7634 3000 1357 4173 3697 9335 9579 6447 6916 8077 8146 8270 9152 3529 5930 447 8385
94 1434 9872 1752 548 7173 2168 3259 3992 5612 4976 4248 2024 3443 6618 7054 106 3711 1132 7419 2078 5592 4591 322 2610 5664 2939 8963 5152 5132 7167 7615 9683 471 5389 5640 1190 6555 7170 3029 8729 9486 4449 9004 3141 9342 3940 3909 6784 5928 3468 3444 6596 5681
95 2717 6227 1595 5934 5511 385 779 2701 7406 8462 9315 3340 1898 7598 7661 1419 6989 3055 6814 5847 6352 9303 2811 9 1358 2757 1391 5484 5447 4470 6104 7210 3615 1803 4899 4932 3358 3995 1017 5677 6339 4820 796 240 2616 5635 3769 1154 9770
96 2758 1377 2766 6214 5889 1348 667 3762 7575 2637 5102 7668 9407 6990 7777 3465 1007 7462 4945 1309 5292 5803 4985 5691 5330 5230 7587 1894 7159 1840 7248 6905 5123 6689 1201 3466 864 2605 4849 1162 4651 7857 6501 3081 6077 1626 940 1015 6881 8585 9573 5410 2565 2155 9154
97 5482 5325 9873 5771 4794 2152 8356 8438 5460 1390 9899 4530 5327 8913 1302 425 5135 833 1668 2857 1436 5701 5766 5869 9844 7290 475 335 6223 5746 6512 6789 5971 5242 6247 5264 5616 9085 4208 9319 9369 1381 8287 5180 6602 6293 3239 5261 3355 8487 368 9580 1211 1367 5738
98 6190 2711 5388 7569 5973 7329 7458 1197 6677 7485 2801 3347 1238 3556 6793 7163 3802 3398 9973 9921 5429 5811 5124 6310 9216 2743 2903 9091 6743 379 7626 6940 4868 3621 4405 8817 7266 9331 346 579 2190 2787 2336 8811 9978 6222 6358 4353 769 4268 8514 4339 4771 9212
99 681 7395 2414 3258 3288 1842 6778 6294 6482 6889 3612 5585 443 1133 7086 7359 6978 3544 4134 7407 6711 3330 3364 7935 5791 7404 5840 1352 2683 2739 5646 2564 1225 5331 7285 6043 7211 7226 5892 7169 9680 6248 6431 1682 2990 1812 8117 8081 2385 3522 9403 9838 8392 9604
100 327 6890 5524 9887 8513 5115 4481 4214 1139 7384 4710 6410 1604 6452 1301 4788 2450 6446 6912 2477 8391 1870 7352 8976 428 9043 9010 844 5842 3672 9810 449 7932 2663 6712 1284 9473 454 9000 8091 5788 7862 351 5445 7659 6534 31 6637 4699 9438 6189 8619 3554 9941
101 5266 8595 2777 5557 9826 4318 1275 1278 2140 9190 2768 2358 2167 3114 6309 3821 219 7629 7472 2867 7939 9218 2859 2576 539 4424 2692 1382 958 5394 1346 2660 7225 1426 3789 4253 7193 4403 2619 5776 5234 1538 6408 1115 5256 1638 788 4685 1864 1635 4347
102 2584 7060 7117 6770 2853 6888 1491 2573 450 3618 8273 7147 2555 5433 9963 4983 9961 4903 5035 9599 2409 7561 5821 4854 5512 9554 8441 5415 1011 3234 686 9414 9677 5417 4548 4371 231 1936 2628 1567 3250 6204 5287 7803 2889 4493 1578 4202 2650 3217 3564 6536 2074 3577 8510 8779 7770 1881 8195 8024 3540 7908 9932
103 3353 2603 7206 1187 7613 4878 5134 5197 5247 1614 1558 6211 6268 8417 6274 3604 6615 200 6523 7105 4647 8672 4504 384 2878 9628 2389 9279 4943 8990 7126 6350 2379 8429 5393 5554 535 9512 2366 7113 1155 137 2199 2177 4608 1859 2844 8830 3457 3083 6952 5204 5273 5193
104 4523 2600 1191 3742 9538 1205 8125 4546 8083 2137 593 927 9909 690 2748 5639 9400 1549 5382 2647 7188 584 4693 3798 3136 1406 7088 8926 5786 4750 2462 6326 5098 3378 5421 4924 7573 5494 4198 7451 2102 8388 2282 7726 1287 9679 9398 439 8105 4354 849 1990 2611 6207
105 4891 962 3363 8346 1425 6275 6179 7890 2085 3177 515 3118 393 8897 3480 6244 6550 8874 465 3797 1329 5621 2780 9081 1451 2800 1461 5767 3113 1114 4033 887 1584 4464 5778 4206 890 827 7017 284 2588 7128 9201 8606 4155 9001 426 7856 1739 8298 8387 2634 5208
106 9822 9888 1383 2607 9967 9591 6640 6363 6225 2767 6177 8293 6348 792 9571 7526 4044 8262 9308 2243 2931 4565 6354 2913 5818 359 6367 9158 580 8722 4365 376 9024 1439 4756 5248 9653 1702 9239 5625 1672 8467 2117 5341 6 6688 9517 8750 2441 4714 6680 7911
107 8983 1060 4768 410 1364 5490 5658 6168 3243 6504 7482 3783 7016 2298 1340 107 7202 3156 6185 4544 5603 9127 9545 1214 4547 1962 8332 4918 274 5804 1598 6180 1403 4438 6083 9245 847 3397 1072 9305 2072 1900 735 894 7152 4702 5711 7807 7951 8060 5317 4585 2719 2480
108 3181 6757 804 6597 476 3302 6155 6563 6556 1659 6256 3151 6162 3192 3195 6559 3167 1431 3078 9979 2020 8956 710 7739 3646 1308 2324 8560 8901 9630 5806 2899 4475 7070 7504 2159 5607 8212 2089 6986 8433 218 1790 7524 4664 2214 9134 4841 7654 7004 3906 4418 2149
109 9543 4703 1577 2191 773 3179 3322 6463 9806 1776 8681 2295 2301 80 150 2470 2937 3794 9771 1564 4898 1444 5768 4667 4835 9618 9672 5443 4862 4902 9312 4538 5880 5419 2886 8608 3032 8735 3523 2081 9348 5184 4108 8197 7154 806 2094 1022 7997 4707 3868 1791 870 2296 1177
110 4172 3225 9992 6347 2836 170 3099 1639 7528 785 2106 2415 6286 3326 6473 5769 2689 7610 9500 7082 6396 2818 782 6253 3220 9060 2882 6448 5409 1887 8707 6760 4404 2662 6525 3714 6605 6608 423 8789 2824 6141 8275 7520 2737 677 4540 3918 3668 4881 7649
111 9189 6603 9213 9136 8654 2858 16 9936 9042 7381 3318 555 4597 8239 9395 8793 111 8483 1082 8655 6601 4262 8505 8507 3686 585 3199 6432 8279 7058 1413 1052 9119 6725 2740 5150 4164 9487 1652 2344 8580 4744 9237 3569 6468 6831 1534 5190 7736 1061 7754 8802 4584 1981 860 9687 2481 6865 8470 1766
112 3883 7186 8980 4494 9915 8431 9743 5898 9559 4386 6382 8549 6584 2057 8957 3479 3528 435 6186 2843 1248 4431 4582 3751 2946 1459 6375 7809 3003 2837 9283 5479 386 5272 2690 1684 9746 7446 7797 79 7454 4336 11 7683 2211 9285 427 836 3580 5897 4708 1773 3531 2497
113 9159 9141 9975 7205 280 2241 3119 417 1100 4415 4358 4393 7488 8413 7028 5053 9675 5975 3654 4542 6572 1395 5584 3407 911 8350 5617 6337 7948 6338 7171 3343 9387 1781 9132 5936 7333 5362 5620 1902 9496 3655 4999 7125 6577 3472 8880 1288 7029 7926 7854 6246 7010
114 746 7483 6554 2874 4474 4088 2519 9756 9785 4186 2126 1588 33 4076 3804 8488 2021 5439 4110 3229 3546 881 4101 527 924 3393 7973 9002 6398 4451 5758 7546 9426 9429 1338 4498 5194 3736 1026 7434 5328 9226 6548 9433 9181 7647 3930 652 2059 9765 4422 4254 9995 9255 4916
115 9106 8946 4473 5756 9336 8872 460 1554 8884 689 1303 3858 4205 6236 8493 3144 4243 9368 4443 8335 7964 6951 909 8185 6607 2220 5477 8529 2727 767 5614 4070 7457 463 122 2964 988 4036 8045 2065 7505 9759 6867 7885 7934 6969 6647 7899
116 389 8698 8669 7781 457 7871 8134 8829 8624 2430 8445 1600 6710 8442 6419 1735 6994 6538 1610 4306 9883 2735 5718 2153 5894 9736 6873 9381 7844 6462 2256 1480 5573 5205 4056 7762 483 401 8676 1605 1153 6579 2383 7705 809 5985 9805 3474 7839 8743 7294 9724 7417
117 2223 4119 2146 2086 8730 5041 9868 9747 5237 5185 9130 1890 2384 4677 2138 1095 1750 6649 6738 9990 1194 9798 8150 8131 7355 8562 6176 6238 5495 6780 412 4160 2759 3470 3512 9483 1376 1941 884 7425 599 246 6241 672 7819 9656 4427 699 2285 7052 4840 8203 7396 7729 9613 3664 7772 1946 9481
118 8858 8849 2550 1204 5097 2330 416 8256 5116 6509 8701 7282 4350 8958 8384 3100 800 358 4095 4229 6460 8437 2825 3390 339 213 2741 9326 1535 5594 5487 2245 1720 3754 4187 6949 7507 6880 4216 668 5792 2374 6560 8770 978 3859 7617 990 3958 1928 3422 7907
119 8786 8561 9727 4951 5909 4507 3954 9382 5713 5542 7719 6160 2079 383 8460 6824 391 4691 2286 5964 1799 4906 4092 9261 4218 3175 2704 5379 5540 4488 1054 2312 2219 4094 905 3539 913 1296 7686 3739 1183 5719 7595 9353 8018 3406 7100 1136 9109 5987
120 9236 8551 8299 2000 1925 5476 2069 6416 1037 1758 4082 2049 9640 7185 4315 8076 3272 5887 5862 7993 9422 204 8988 790 3191 3146 6674 778 781 9845 7623 8329 7556 9252 2714 1901 9647 6759 4894 5891 5893 9265 1455 1658 897 3586 7523 1800 6717 4877 9527 4026 1010 6633 6561 9558 1778
121 8143 8546 3198 4797 5213 6756 4050 9533 4018 738 7259 208 5309 971 1160 7338 2310 6535 9436 7038 3683 3086 1360 3670 3286 1982 4179 3543 1698 2617 6716 831 8755 6706 6279 8732 802 3337 6617 2321 3371 6863 1058 4649 2127 7814 1922 8065 8157 3447 8169 3996 6040 2862 2398 2731 1393 5430 7900 966 4526 283 6656 819
122 3875 3579 8170 3492 3628 4060 1699 2012 8003 1560 6844 309 6753 232 4289 8154 5590 1032 6344 1693 7091 3105 7827 9855 1709 5198 3360 5579 8149 4288 3723 3461 3684 7200 9830 8139 2377 1231 3329 1625 8233 6307 6987 3626 6066 9550 2669 8088 8084 3800 4746 7923 7050 120 7852 7697 1235 4871
123 1999 8057 27 1764 7918 1956 7864 8073 7579 3855 2145 294 3050 4697 3836 7637 1282 2782 5138 5108 1836 3176 8912 5366 6263 7466 3657 4952 8278 916 2315 9959 8338 8362 8355 2653 7714 4080 7733 830 2454 7040 8827 9944 7092 279 3365 6144 6679 1514 242 3022 6659 3374 1263 6142 127 8376 287 8771 4643 7608 2249 7063 4556 4644
124 3922 7937 4922 9755 7695 3316 7724 3811 1241 952 9625 589 163 164 7541 5223 1389 1306 7401 8147 5322 3791 9862 2431 3685 7325 1619 7346 3477 7238 7184 5790 633 494 7143 3419 5131 7904 3773 3916 3089 1343 9061 8557 6899 9291 455 4196 7049 1762 8037 6639 9643 8351 7936 5885
125 4077 7828 7760 3503 6729 4754 656 487 1398 6000 5318 6616 3722 2258 4730 3669 3651 9943 9848 9274 7916 1767 1351 6893 1688 6678 1314 4376 8094 6386 3585 6484 8886 64 1122 3574 4054 8982 5957 7943 1931 7945 9144 9693 7372 6373 8863 8071 5992 3133 5932 7197 1374 3208 2510 2848 2501 8011 2999 5859 9100 946 7537 6055 9138
126 7694 7633 957 1909 1893 5334 2512 702 1863 4802 2963 3696 9974 1821 308 3917 7061 3341 720 6697 4520 8153 8347 8605 8604 1126 8752 2082 2546 9453 6998 7155 3650 7510 4812 8839 1506 7476 1561 7444 142 5011 5709 948 4105 509 9912 5747 6161 1270 3202 1690 5823 6051
127 3756 5955 3877 3665 7648 747 191 7638 2526 9817 5144 8280 9816 1715 4587 6794 9831 6779 6752 4734 9986 6409 841 4247 6715 4130 4941 2897 1371 109 3269 3063 6692 4477 5982 4022 4700 3890 3068 7438 6476 6900 2473 6661 6031 7182 3206 6133 5981 5629 2491 1449 5809 4352 7837 2031 6842 2215 4594 6090
128 466 7643 8961 2332 7030 446 7707 6970 6925 3462 7867 3396 3455 2027 3537 8245 1243 9339 1354 4527 9634 3925 5404 6590 5913 8031 6941 7882 6060 895 8223 8051 8519 6045 538 444 6034 8161 6383 6923 1019 2553 7252 1878 5515 1518 1509 9064 4890 2781 3159 8964 5723
129 175 5673 3104 7574 9636 7969 5298 2459 53 6985 6816 3299 3513 1716 5843 9035 7950 2760 8757 4823 1044 6388 1046 8135 9674 8283 1927 3400 7410 6946 6039 6019 761 7548 6349 6840 7665 3977 312 6909 4008 3946 573 1385 8070 9869 1323 2809 265 825 9204
130 1813 9814 3581 7047 8977 1734 3312 7394 4824 9397 6822 9147 2053 8711 1676 2313 9781 1871 6412 6773 8944 70 3058 4028 1650 2017 7300 7043 7557 1507 5356 1876 8029 3596 2270 2210 2271 6788 7506 7971 2240 8430 712 5873 5657 8747 8567 6920 2776 9847 8132 3334 5921 6614
131 1788 5634 929 6306 4751 3460 6959 1816 1779 5736 9175 3582 1325 4933 4314 9540 9665 3170 6312 4579 5474 8593 6210 1206 3631 71 6968 5782 1885 2424 7431 1511 2224 6963 8186 7314 7357 1164 201 8748 3990 7498 5305 714 9320 7730 2189 4274 9463 9866 9296 1106 4605 8694 7747
132 3491 4852 4469 6767 3385 6765 5886 418 9120 4636 4567 4377 630 7706 8581 4831 3905 1020 4064 9897 3174 3415 3893 877 1223 1963 917 492 6565 3043 5252 7003 6127 1748 4982 2834 2875 3498 7301 5538 2269 8799 6650 951 5285 9349 3957 4235 4977 4331
133 3039 4141 846 8447 1768 5462 6703 896 6283 3283 4784 4156 3680 6551 1689 57 7291 5440 7755 987 7664 7761 9110 2120 5441 799 3923 7114 751 6147 5299 3692 6111 2945 8023 6739 7283 5979 7255 7274 3823 9167 9886 2294 399 4698 8244 6972 3041 5926 321 9358 1484 8479 3285 2894
134 3117 9157 8121 9257 5941 330 7402 2769 1267 3623 1985 949 6280 3300 6817 9437 3887 9442 560 7108 5282 2900 8639 2761 7953 9047 7385 2951 6724 7189 744 7428 8997 1757 2733 2471 1018 2987 6887 9032 2915 3717 7413 655 3467 4832 3504 4747
135 6812 6928 2351 3361 5917 7529 1186 8971 2280 7430 3735 6910 931 4408 5522 3348 3489 7660 4562 4031 1526 2028 7037 9412 6449 9007 2463 6291 3054 3674 6539 7124 4043 5884 4787 5841 9730 3413 9026 6070 9048 1687 8075 9686 2063 1686 3112 6929 749 4517 7281 4995 2911 4552 2789 2530 5836 3555 1921 4184 9969 6588
136 835 6613 8394 994 7351 6402 9352 3350 8936 7203 4104 899 3090 1944 3336 7078 9466 2009 3379 6224 6252 2397 3584 5411 7532 305 8124 2372 3458 7681 1848 299 5422 4991 6087 1400 742 7716 7530 2356 9176 7987 7977 7717 3661 3943 5276 1105 4461 6320 9330 5991 8629
137 820 9417 9445 7183 9128 6935 5499 7026 5333 837 6876 7022 2129 9546 7296 1904 6215 9314 615 715 7328 7554 6454 5890 6429 9824 8446 7453 7199 9902 1240 716 3814 2568 5385 8259 438 6199 6549 4211 2626 2363 6467 2392 823 5300 2328 6774 4416 9170 6709 6654 8987 5548 4600 1184 6496 8768 9404 4821 4576
138 1134 4107 1573 8434 8204 3866 7941 7020 7442 4910 7986 2218 6580 7538 9583 2435 848 2601 3487 7942 3402 1481 8691 4081 5874 1847 805 5943 3271 6380 2821 3638 2753 7898 9684 3895 9926 5003 755 6054 2812 104 8173 8719 9879 5551 4790 6239 4615 4993 4287 4360 2976 5569 5734 3451 8744 2829 2850 3872 8216 2267 3071 4419 3232
139 8339 4661 8440 4390 7015 7115 3412 1964 3323 504 8991 8012 7489 2738 1127 5969 1002 6357 2412 6586 2986 1960 3819 3759 7884 7490 8156 5373 407 211 7181 1732 2988 6528 3550 9271 7254 3862 6089 3070 1447 1546 983 8782 8637 9863 2828 1446 1255 6498 6061 6065 3116
140 6423 6340 9520 4949 3534 7120 5910 3763 6815 7915 2352 513 1592 5610 7356 6331 431 7473 203 7863 3020 9249 7549 918 4598 99 3616 8034 5899 3408 1823 7479 3666 2641 7420 3861 2905 7631 3841 4905 4228 419 7261 1678 9782 2213 537 1911
141 6507 9340 7148 7822 6610 4302 6655 9052 3331 215 3391 9678 397 2838 9892 8620 4048 9059 9854 5911 6567 5384 4489 8047 5694 3825 1069 9964 567 5118 6082 6129 8020 2682 6026 9552 5519 6629 9624 6530 1673 8196 8420 8419 6734 3296 7786 4154 8923 8359 9468 5753 2109 857 3559 6053 1957 4345 8893 4735 9071 6626 518 3748
142 2822 1753 2847 3878 8492 7611 6003 3950 676 1737 7650 5313 6304 5683 2770 2745 6205 5396 5434 8389 5401 1349 995 4888 5314 3955 5291 8145 7877 1517 2724 3568 7853 9334 2981 7558 8190 7912 7630 7437 7732 2133 801 7160 4711 8570 6122 1703 9603 7933 2162 8427 7967 9924 1765 497 1943 4346 5780 5609 2814 2968 4690 8696
143 3709 6791 2396 4796 3833 7494 9632 7496 5263 9384 4219 7295 2966 5210 1076 4323 2591 9477 5424 3203 1149 8876 4325 1671 2083 4869 3637 353 9793 4153 6849 3975 709 7308 4617 8436 3514 6451 3047 6384 7823 8336 6387 2625 6682 4846 8181 6896 3115 9713 5243 9472 3542 3948 1958 8803 587 9778 7677 7478 9904 9094 1503 2901 6576
144 6042 1574 4501 6668 5532 6992 4896 2752 3009 2728 8022 7239 3091 4969 117 6027 6553 5146 3013 8760 4062 3506 1630 7873 1244 5219 8825 7919 9290 369 6494 6884 222 4321 2272 1523 7832 1940 2688 4816 8102 206 4210 7461 3351 2104 105 8100 6598 5489 7474 4512 7718 4539
145 5919 2870 7995 5046 9498 3128 5387 6105 7161 1012 5705 1276 1300 9184 2238 5760 5302 9720 7390 290 4958 1092 1493 7906 2040 5289 92 8826 3700 198 5399 5546 4146 8331 8396 1336 6336 1955 1324 2598 7646 8905 3969 6458 3538 9301 3713 543 8104 4265 1718 8112 3816 1227 4580 950 9731 7568 4875 212 2367
146 5500 1387 7639 5537 2003 7929 7232 4777 7279 2815 4053 73 7180 5201 6128 7441 5547 7866 1888 1603 7925 4640 8974 5659 9281 4021 4844 510 798 334 6728 3433 7271 7491 3495 6540 2326 2432 9077 255 1224 8082 524 5920 935 2002 6911 4624 374 7048 3649 6011 4020 253 3653 4674 8583 5779 9802 2678 5255
147 2648 2649 654 2813 534 3027 5751 3698 2244 8261 5308 5251 6464 5706 9994 6395 3780 400 1602 2062 8224 4292 3813 7275 4212 6693 6456 2842 6406 1029 2111 869 9734 8313 4125 4051 2231 3325 985 8947 4016 6937 4308 8600 6281 6477 293 2896 8160 3438 1815 1947 7477 9535 8272 8776 6955 3870 5227 7886
148 666 6687 7876 8366 1531 2871 5020 3476 4455 5502 605 6481 1612 3292 7811 9439 8920 2961 5838 7468 6472 1622 7415 6188 5530 521 9839 2122 2589 3730 239 3889 3502 8426 1830 9794 234 7834 4955 8242 4522 1903 6799 786 1984 2128 842 2113 481 6894 9511 6818 657 6834 2529 8127 4971 7892 4384 859 9221 7553 6002 415 9045 4981 3931 145 3138 7270 5033
149 4071 724 8184 1312 6635 3333 5999 8324 1608 1059 404 5151 5423 4817 62 1165 1322 134 2908 7675 8641 1609 4396 6531 4047 3147 6612 9068 6508 1853 7924 3939 4232 3891 1581 7684 3223 7874 4225 4102 7085 3613 8951 8188 3910 3381 3936 2093 6041 8305 8891 1727 3436 5065
150 2635 78 9960 6557 839 6200 6046 9699 26 8627 4165 4795 8790 4825 8517 4413 4241 886 8808 1933 8801 9655 1088 8883 693 9716 1496 56 7881 6939 2118 1970 46 562 3593 7145 3673 898 8647 1305 9148 8520 1486 7791 2308 6901 5787 9916 1653 3218 2585 6732 6121
151 9696 1587 5030 4392 9446 4769 2604 5938 3643 7449 5207 1124 6351 8992 9241 8257 2762 8646 4880 8783 1545 5611 2050 6813 3134 4242 3807 4925 4276 2348 7018 7763 514 7236 5236 8800 3414 9005 1844 6529 2347 3658 146 4848 1583 2302 8058 2691 1939 9347 8953 9113 4592 9444 8268 5562 2804 8898 8715 3048
152 2209 4322 8097 7042 7014 4091 1809 6961 5555 3238 1631 4639 4278 3001 9795 9350 8687 2707 2230 9260 6707 9593 8967 7989 6930 8807 7104 922 7033 3897 8226 3639 6645 2792 613 3432 9234 3566 8984 355 3252 727 3023 7565 4681 7480 607 4012 9065 8043 3207 8979 362 4680 6390 1399 8683 8805
153 13 7245 5908 7132 5545 5503 108 4068 6258 3367 6407 6620 6421 6385 9329 4272 4950 550 8235 8993 9499 8603 8325 6069 6775 301 4456 5200 8142 3282 7099 2970 1664 1819 6226 3567 9999 226 7999 3852 2023 3342 1722 7287 8428 4267 2427 9557 7089 9099 7731 2123 2807 9968 7655 1268
154 9014 23 558 1597 3693 3951 8875 5661 9089 7367 525 7865 3291 3851 9484 147 8410 8970 9485 4487 4575 5183 9728 5601 3254 1039 7824 8832 6882 9809 5451 645 7288 1530 5220 635 7725 5114 6644 6466 2327 812 1108 7079 3261 2974 348 5283 8704 7497 9275 506 3588 5599 1974 9034 344 3938 2819 4561 9476 6360 9774 4683 3305 9015
155 138 6686 6330 7708 3442 6699 6475 8118 1860 8613 1745 8615 1264 8693 7116 2408 6470 2136 5682 9223 2242 3854 7278 7392 9362 2142 5407 4665 9808 332 3284 6672 2852 2606 7685 2465 7740 7075 9666 1636 9518 7013 4332 8373 7 8321 8199 3945 2958 5623 5641 9834 8731 1443 752 4038 6838 5466 6181 7810 8559 9080 4619 9293 3308 2157 6524 8774 5044 1738 6546
156 152 6808 3562 4870 1568 7566 4568 7979 7358 9804 9787 3781 2472 9966 1740 4195 1210 3518 7249 1681 5435 5235 1882 1222 8454 7768 8553 1064 9231 6329 9270 2943 5509 7377 4857 1435 7334 2548 642 741 6010 9906 4199 6457 5636 920 611 7212 4113 3007 9985 6120 354 424 1563 8138 9516 6131 3768 5544 8126 6139 8810 9524 2478 4291 451 6883 3719 2620 5915
157 4960 8386 1660 352 8657 3659 7982 4715 4807 5182 9754 3150 1907 8375 7177 8063 8108 4286 7721 1055 3949 5351 1198 319 8423 4758 1242 6015 5793 7776 3743 5169 680 9871 3747 259 2500 1968 382 7012 8498 6850 834 4541 9266 2259 8767 6568 3497 2317 2284 4039 8515 5725 6660 8660 3289 9767 3366 2582
158 1196 7851 1824 482 6785 1751 3703 4511 5416 3932 1236 9752 3411 2346 703 2569 2039 789 4363 8476 9658 1074 8652 8677 9051 8989 116 7493 3622 7712 9177 9008 7859 4139 7500 8972 7578 7829 6009 3359 2806 9779 2726 7780 3357 5364 4729 9146 7224 2597 4121 856 8533 8712 2779 6094 6942
159 3190 8502 1175 3720 4238 9606 2940 9590 850 9612 3405 6746 4304 4313 5726 6369 1804 2536 3281 3520 2794 4745 9240 9954 3784 4679 9835 8623 8734 7785 6206 3812 5427 9256 3920 5978 3499 6353 8155 705 2022 4441 5271 9341 9574 6801 6420 5217 1311 2360 3848 4381 7746 9927
160 2734 8424 2091 8383 6265 8741 9791 1036 69 8049 6125 8966 7728 6622 5580 926 5748 8486 3388 4334 8466 4435 4374 5405 5428 8334 5761 5093 9707 8098 6698 1328 4244 5464 2333 4763 6571 6870 6067 6071 3087 6723 1501 5316 1669 3729 8708 4959 4367 7903 6704 7090 7801 1607 1954 3006
161 6096 5552 3233 6426 6488 810 8130 8074 4 6374 7317 6255 221 6634 5125 2774 5168 1895 5570 7983 1557 5501 5951 822 4215 6178 8938 5504 1879 8864 4551 5972 48 4167 8837 5187 414 5357 1806 3445 8612 1510 5663 6852 4324 7101 4255 349 2248 9894 2345 4224 8374
162 8172 2830 1512 4349 3210 8592 3694 6936 6113 6718 6292 7408 5105 5218 9182 1120 261 569 9976 5716 4281 4223 4720 2703 7589 5367 5450 2464 318 9264 5056 4406 8119 5655 8086 1291 5469 3017 6023 1159 3469 1110 3257 6848 8010 9124 9934 3349 7166 2008 8317 7841 2587
163 601 1599 1125 3929 271 7946 9522 2 2640 6237 6520 3757 2166 9761 9874 1229 2696 5228 2433 4521 230 5119 5412 9057 2720 3124 5994 3211 7831 2185 1918 6726 4059 3327 4389 8054 2592 3077 6346 1696 3750 6158 3165 4362 186 1997 8192 5946 2203 6136 6988 6776
164 2139 6638 1062 314 4701 5984 1983 5456 3733 5226 1855 229 5378 9825 6519 9949 3984 8737 2289 8398 4641 7284 4040 1158 5480 6318 4290 2808 2643 7265 1056 5290 3926 3886 6174 9931 5581 914 8630 6450 131 4839 8198 5730 6106 6641 591 7389 8452 5589 5179 9875 8656 4810 4563 9298 885 267 3309 4912 6517 3726 7512 7734 4593 7711 6013 1316 4380
165 1466 691 8644 5113 9096 5467 5528 4239 2469 3268 1123 5901 6566 6099 8478 1657 1620 4900 2055 4921 7802 2935 4430 5962 6368 8371 8597 1662 3132 1070 3370 8610 6334 4554 5692 5567 1789 3221 2521 2455 5034 3947 6285 8785 4000 1232 1966 9063 2612 1995 3214 3547 7858
166 6933 6671 6956 2048 5324 3501 6322 5128 572 2736 421 5258 4476 2052 784 2674 4282 9456 3619 7379 9044 4440 9153 3212 1259 8602 2116 3981 4266 6288 5602 6483 6399 4098 6079 4368 9598 2631 2695 5541 4865 8217 19 2602 9608 7098 9294 1476 1951 136 1663 4041 3483 10 8648 3219 2376 754 3459 7121 5459 1119 9710
167 5959 5588 8404 2803 5068 1862 5461 6138 7742 2051 6995 4192 1283 5744 9504 4472 3830 2247 9889 8588 5013 5642 7400 9952 6434 3131 394 4316 6137 8348 30 9430 6298 9217 2845 3552 4525 4207 2043 5186 828 5246 3602 4513 307 508 7624 8869 1394 1065 6081 6047 2443 5558 7868 9661 1685 2559 8343 1937 5471 8484 4712
168 9321 4398 6130 9685 2378 9594 8568 8565 4169 8903 4391 4400 8439 1080 627 629 4252 1257 236 9027 6609 5875 5523 2673 4394 8914 8292 409 5355 4168 1304 9420 4401 8705 9760 6025 5828 1102 178 8490 4120 8378 6418 3026 254 1047 9169 4893 1013 326 5043 8822 4709 7818 8079 9259 7311 2764 6769 9602 5140 2197 4468 4721 5702 7289 9865 6745 2718
169 7545 2452 625 4279 4588 6005 7219 3682 2350 1024 9322 8072 9750 7149 5905 5163 9725 2266 7227 2318 2917 7875 5238 2654 7955 1307 2097 6033 1861 4728 7928 5497 387 5395 8345 6187 4601 2534 7298 3941 4277 3963 6453 5076 6058 1116 5340 840 2684 4491 4086 4987 2112 2750 3395 8064 3230 765 4042 4613 4061 6209 7074 3527 2627
170 493 8745 9662 8948 687 9820 5564 3324 3339 2399 2253 3 2221 5525 2622 8628 8609 2531 6359 9939 9310 8123 8358 2076 7068 140 8448 1144 1262 189 8007 1838 4855 5662 5643 1272 3971 5001 7821 4191 2839 7093 9801 9807 488 4626 9539 6370 6926 5686 8739 2340 4733 2638 3450
171 9861 2090 4260 1031 7793 5229 9913 5990 350 6474 7109 5574 2303 679 343 3185 1412 9565 9585 3803 1028 6276 5637 9917 8943 8067 1320 1867 6372 9651 1091 2364 2171 8915 4417 4213 9344 5752 9758 2035 5958 8200 3056 8016 8866 6695 9641 1090 7535 3809 139 7954 5814 4772 5039 4850 485 9633
172 1965 4543 5160 8472 9850 4966 61 6262 7416 357 653 5126 2207 5353 4298 4478 1258 2158 87 7614 5597 6097 5059 4990 648 5329 9703 5137 9197 3010 2114 4851 9114 3961 9507 3376 3927 6101 7808 1334 4023 7632 4837 5267 8525 3189 763 7198 3964 520 3307 3676 50 2655 1500 2991 9977
173 4904 8927 3832 1746 2793 5112 6151 1924 5669 5483 6389 7744 4655 678 879 2983 7464 6868 8421 6744 1245 9648 5457 2161 4263 7024 8499 7423 168 9970 2725 54 6183 9135 2124 2056 6114 861 2010 999 2888 5321 6839 2485 5656 8209 6124 8425 2227 6095 9137 329 6558 8361 3093 1528 1355 5143 4073 8451 9657
174 4967 5376 7798 1472 5049 1556 2535 5475 7752 9073 2490 2305 8950 5968 4084 8697 6766 1131 704 1004 5188 5274 5413 2797 7812 8055 6084 8036 7122 1852 6233 5514 1643 1233 8611 5018 1972 6272 7118 28 3778 777 1208 984 4072 5731 3605 904 7848 1623 2941 6165 9946 3245 5288 3999 1157 5338 4024 5785 3725 9536
175 1572 2098 2156 5383 4006 9037 9441 915 3903 1148 8162 6748 2479 6869 7144 209 6643 2489 7880 4330 4672 2255 1370 5757 7693 8960 2558 3986 4460 2705 8144 7387 8814 1452 1221 5773 5947 9292 3718 1 3073 9313 7700 3473 1230 1379 3690 5103 5977 4939 7571
176 2805 1167 5455 5176 1424 6790 5675 5109 2756 9515 795 8541 9338 2609 4273 5177 9880 8367 3069 8025 5175 9910 1988 8899 7340 6510 7663 1829 5606 3753 2026 6953 6628 6050 4847 3880 2580 6604 2676 5518 5358 4209 8508 1497 8716 113 5408 9766 1254
177 7309 3075 5952 4236 698 8128 4293 6093 961 5940 8328 2746 7176 8320 2710 2391 5296 7142 4997 3608 5508 5064 9012 2178 5106 1935 8455 8248 490 1482 7344 6742 3389 2130 3004 4310 1858 5755 5989 370 6035 774 8107 829 976 8 8208 4928 6259 8163 2438 2476 7452 963
178 7418 3265 5801 8504 1035 3533 1330 8949 4151 817 4250 5022 2642 4553 9242 4500 8111 6300 6547 4465 1310 7784 5036 8159 3846 5281 9614 3317 3944 2872 3942 2251 5095 3617 263 7889 8319 8480 2798 7231 9316 6469 4826 8230 2861 658 5165 1200 6194 8229 1782 7501 1331 9623 6541
179 8372 9742 3380 5492 7448 5529 1976 1422 2633 8649 4003 6299 8316 4395 1299 8645 902 9733 1810 620 2179 5900 5189 9737 1516 9529 6287 4471 3629 345 1617 9763 3677 1832 3799 6078 5239 1234 6505 5212 8403 5431 9783 5853 1332 7293 9541 5339 6903 6771
180 7080 8090 8607 8854 3025 9243 8205 227 429 910 3640 7397 5997 7625 7603 7992 5323 8727 2788 5303 6212 8211 5142 472 5856 7409 363 2387 7071 2763 6085 1097 5279 3011 2923 4379 1145 2165 1569 5800 5037 2639 6694 7051 2596 4609 5154 8333 646 3248 3338 6803 6064 5807 945 8101 9449
181 4805 2851 7256 5903 6257 6897 1437 6595 5377 432 8699 9870 3536 8182 8572 6581 9370 2919 2574 3193 2624 8171 5343 7580 7233 1189 9842
182 5057 2996 6891 275 523 1670 4765 9984 2186 2175 5348 7519 6243
183 6392 8099 7642 9957 7229 5336 3260 5942 9470 2855 7335 8746 9702 9751 7896 2918 2699 4231 93 3486 7405 4203 5397 8659 2457 1708 9812 9908 2577 8397
184 9111 377 8177 4879 1021 9797 9956 9621 8865 6700 7286 5224 1897 4975 3558 2892 9289 5293 6219 8301 3974 1710 6514
185 7426 9925 94 612 4994 3306 34 7922 9039 6983 4085 1795 5983 4931 2061 4432 6562 6521 5924 2226 4230 2277 7547 6736 8662
186 2922 3435 1539 3209 9460 2042 3921
187 2440 7421 3076 2202 7552 5914 5472 8422 3295 8258 5912
188 3042 1896 6319 9248
189 9145 7833
190 1785 3902
191 3660 5260
192 6885 2772
193 8033 306 794 906
194 2446 7136
195 9832
196 333
197
198
199
200
201
202
203
204
205
206
207
208
209
210
211
212
213
214
215
216
217
218
219
220
221
222
223
224
225
226
227
228
229
230
231
232
233
234
235
236
237
238
239
240
241
242
243
244
245
246
247
248
249
250
251
252
253
254
255
256
257
258
259
260
261
262
263
264
265
266
267
268
269
270
271
272
273
274
275
276
277
278
279
280
281
282
283
284
285
286
287
288
289
290
291
292
293
294
295
296
297
298
299
300
301
302
303
304
305
306
307
308
309
310
311
312
313
314
315
316
317
318
319
320
321
322
323
324
325
326
327
328
329
330
331
332
333
334
335
336
337
338
339
340
341
342
343
344
345
346
347
348
349
350
