500
0 503 545 3261 5339
1 88
2 7
3 273 7296
4 376 2413
5 299 2175 7234 8043 8293
6 27
7 306
8 322 5783 7997 8125 8487 8994
9 196 8498
10 114
11 128
12 389 5053
13 210
14 71
15 53
16 438 2533 2773 9014
17 294 6030
18 439 2870 8005 8332 9465
19 308 3371 4326
20 119
21 0
22 253
23 12
24 293 5458
25 107 3584
26 97 3836
27 141 5412 7055
28 433 1429 1476 2858 3914 5341 6216 8423
29 9
30 347
31 115
32 160 4985
33 94
34 106 9930
35 209
36 501 1083 1552 1831 4343 4928 9713
37 11
38 507 1401 2475 3869 3926 7077
39 41 1534
40 268 2662
41 171
42 402 9443
43 199 6082
44 319 6044
45 429 476 1216 1657 6492 9834
46 235
47 20
48 131
49 381 6270
50 337 6281
51 105 5762
52 82 6938 7699 9244
53 216
54 482 2892 3586 4234 4765 5885
55 173
56 195 732
57 15
58 70
59 22
60 462 8883
61 364
62 414 761 3232 4027 4170
63 250
64 493 1358 3144 3905
65 500 1546
66 413 4377 5860
67 396
68 146
69 157 8134
70 116
71 136
72 87 9270
73 75
74 164
75 315 8722
76 57 9848
77 84
78 247 1601
79 1
80 214
81 133 7153
82 219
83 72 7709
84 249 2615
85 488 1625 4091 4350 4619 8145 8248 9215
86 480 2322 2349 3752 3958 4134 4367 4385 6675 7367
87 377 952 4362 5752 8212
88 93
89 16
90 483 652 6161 6547 8183 8844 9483
91 333 447
92 432 2136 4180 9265
93 358 1571 6187 6889
94 407 2052 5029 8062
95 430 6899
96 426
97 461 477 2437 3320 5507 5715 7474 8092
98 257
99 59
100 34
101 73
102 37
103 241 1289 3936 9461
104 174 6537
105 122 7240
106 360
107 370 3103 5451 8830
108 505 1328 1728 4286 5006
109 125
110 86
111 113
112 189
113 278
114 79
115 54
116 62
117 301 935 2013 3163 4558 7120
118 100 3894
119 176
120 134 4176
121 178 1984 6467
122 295 4311 5917 7669 9178
123 24
124 454 2875 3981 6178 6621
125 331 9040 9545
126 366 552 8528
127 466
128 118 6827
129 385 9404
130 270 4901
131 275
132 259
133 245
134 495 2263 2847 3703 7204
135 25
136 416 4107 9230
137 135
138 419 3074 4079 8193
139 444 5748 5898
140 221
141 349
142 193
143 491 541 1557 2538 7179
144 240 2555
145 147
146 473 1611 5156
147 197 1042 9968
148 361 1383 2240
149 229
150 359 5401 6744 7874 8910
151 428 4526
152 442
153 367 7001
154 204
155 281 7517
156 180 569
157 92
158 120
159 99
160 365 3521 3792
161 69
162 472 2979 7790
163 162 1299 2630 6020
164 248 1871
165 338
166 387 3043 4801 6360
167 6
168 161
169 103
170 260
171 58 7652
172 269 3012
173 327 2537 3050 7852
174 475 2569 3316 3561
175 280
176 127 1343
177 400 7105
178 89
179 350 2346 7456
180 64
181 393 574 2288
182 203 2643
183 2
184 470 4129 4501 7902 8580
185 355 3106
186 497 949
187 17
188 66
189 185
190 202
191 330 7864
192 222
193 154 4624
194 80
195 285 625 2904 3077 9615
196 403 2158 5038
197 300 1353
198 184 9842
199 302 1375
200 217 420
201 343 2611 8140 8235
202 372 6584
203 401 2005 3376 4760
204 177
205 272 4539
206 19
207 434 1647 2768 4035 8121
208 263 1149 5322
209 318
210 261 3877
211 132 6054 8284
212 296
213 292 1784
214 26
215 357
216 383 4457
217 467 6049 7266
218 410 4967 8069
219 138 412 9075
220 158
221 506 4786 5821 6369 7511
222 191
223 394
224 310 5445
225 140
226 211 2264
227 207 4824
228 246
229 425 4034
230 40
231 102
232 288
233 342 9138
234 404 650 3700 4660 5099
235 363
236 49 8491
237 316 4020 9086
238 55
239 334 843
240 239 4199 7088 7575
241 52
242 252
243 153
244 236 1524
245 489 2670 3184 7333
246 395 1750 2518
247 117
248 237
249 85
250 392
251 74 3543
252 284 1058 6428
253 424 780 2986 3158 4399
254 90
255 409 1934 7519 9107
256 168
257 264 8832
258 408
259 29
260 172 6458 9299
261 496 673 951 2704 4222 4400 8600
262 356 511 2340 6692
263 411 876 2962 4071 7791 8396 9197
264 465 7355
265 14
266 226 1121 2114
267 32
268 406
269 96 4909 6613
270 423 8618
271 192
272 231 352
273 332 1710 5064
274 95
275 83
276 48
277 309 1348 3113
278 348 3758 7193
279 351
280 234 3023
281 169
282 145 2121
283 5
284 457 6465 9114
285 481 921 3304 4345 6029 6067
286 452 5899 8068
287 78 7438
288 397
289 494 2183 3784 7053 9219
290 391 7285 8920
291 437 2304 3751 6978
292 448 4787
293 129 4531
294 492 5964 6712 7933
295 368 369 6296
296 386 2192 5448
297 459 3541
298 265 5097
299 101 1668
300 227 838
301 314 3146
302 323
303 474 1670 2735 4004 7267 7762
304 13
305 490 518 991 6635
306 194
307 165
308 18
309 304 1105
310 375 4855 7899
311 276 8711
312 130
313 463 2422 4045 6920 8462
314 30
315 487 2732 7710
316 486 7795
317 60
318 485 813 2480 2983
319 156 1238 2327
320 144 7713
321 379 2407 5072 9955
322 464 979 2857 5848
323 76
324 256
325 137 4352
326 39
327 77 5340
328 390 427 2898 6538
329 274
330 244 6014
331 170 2155 3032
332 255 9013
333 336 2439 3432 3964 7545
334 449 3089 3885 4060
335 91
336 399 1752
337 303
338 312
339 471 6306 7044
340 166
341 384 8663 9160 9453
342 45
343 291 6482
344 188 9301
345 354 2699 5677
346 225
347 421 1454 4151
348 81
349 3
350 215 238 321 8470
351 224 5869
352 242 5643 6534 8812
353 109
354 254 9990
355 455
356 484 3004 3509 8599 8907 9677 9931
357 435 3285 5359 6687 7751 9731
358 212
359 317 6986 7732
360 163 1763
361 509 2085 3533 7379 7569 9979
362 398 7630
363 443 719 1145 7992 8512
364 51
365 223
366 436 4437 5295 5775 8922
367 151
368 206
369 380 9903
370 362 2128
371 305 2058 9008
372 287 3111 9688
373 456 5251 9129
374 508 712 1091 3513 4561 4884 5921
375 340 1956 5219 5862
376 345 3830 9007
377 50
378 353
379 478 2426 3251 3950 8685 9444
380 382
381 341 5248 9852
382 311 6470 9043
383 346 4958
384 190
385 187 4340 9224
386 143 6101 6778
387 28
388 431 847 8227
389 150 8406
390 233
391 499 1252 2943 6875 6967
392 504 782 8848 9347
393 422 1731 3961 4948 7012 7481 7736
394 43
395 297
396 198
397 441 2109 3468 4679 6545
398 139
399 283 745
400 61
401 320 5902
402 4
403 415 925 1117 3827 5446 7413 7429
404 98 3783
405 181 5326
406 148
407 277
408 468 1774 2486
409 23 9533
410 417 1256 8105
411 271 3379
412 328
413 182 1979 7968
414 110
415 213 4527 8495
416 243 1496 3982
417 124
418 108
419 205 6021 7949
420 371 707
421 326 1560 3427 7049
422 378
423 298 6153
424 47 7883
425 258 1125
426 42
427 159 2666
428 460 776 3240 6737 8116 8307 8343
429 445 5307 6141 7439
430 33
431 67
432 65
433 458 6196 8428 9139
434 289
435 35
436 155
437 21
438 38
439 251 6611
440 418 7759
441 373
442 200
443 2673 4463 5003 6060 7742 7919 8609
444 36
445 142 8431
446 451 647 3006 3753 7085 9260
447 218 1134
448 374 4341
449 112
450 479 6447 6608 8896
451 267 8716
452 335
453 324 2182 3728 5788
454 201
455 290
456 228 4664
457 10
458 440 2595 5437 7845 8671
459 279 9659
460 8
461 266 9573
462 339 6134 6258 6327
463 502 523 2100 3944 5656 6982
464 307
465 111
466 313
467 453 3079 4923 7210 9023 9349
468 121 8644
469 286 7133
470 469
471 126
472 208
473 152 5962
474 31
475 149
476 282 8130
477 123
478 63
479 405 3377 7880 8484
480 498 1868 2003 3630 6672 8345 8794 8958
481 230 2685 3602 4314 4728
482 167
483 344 6404 7806 8841
484 388 9669
485 179 2790
486 183 9199
487 262 9374
488 186 450
489 446 753
490 232 5386
491 44
492 175 7219
493 56
494 325 2414 3395 7782
495 46 5880
496 68 8387
497 329 8209
498 220 6170
499 104
