99
0 0 8560
1 1 9297
2 2 3065
3 3 4581
4 4 4366
5 5 2297
6 6 2022
7 7 3599
8 8 1503
9 9 4938
10 10 5955
11 11 7588
12 12 6907
13 13 4785
14 14 8384
15 15 6813
16 16 9851
17 17 6245
18 18 4695
19 19 8870
20 20 8191
21 21 346
22 22 5099
23 23 5827
24 24 6924
25 25 1638
26 26 6072
27 27 42
28 28 9676
29 29 9769
30 30 1541
31 31 9222
32 32 9580
33 33 3335
34 34 6612
35 35 4625
36 36 7409
37 37 2563
38 38 547
39 39 6576
40 40 9661
41 41 6666
42 43 1497 6847
43 44 9252
44 45 985
45 46 6289
46 47 2038
47 48 8434
48 49 2525
49 50 5643
50 51 1170
51 52 7983
52 53 2519
53 54 9210
54 55 9423
55 56 9080
56 57 2279
57 58 9096
58 59 9671
59 60 1051
60 61 3548
61 62 1770
62 63 6434
63 64 7864
64 65 976
65 66 1534
66 67 770
67 68 1864
68 69 1857
69 70 6113
70 71 5508
71 72 4962
72 73 9246
73 74 6901
74 75 8069
75 76 9244
76 77 751
77 78 2867
78 79 6530
79 80 7765
80 81 4136
81 82 2970
82 83 6632
83 84 7697
84 85 562
85 86 7557
86 87 6906
87 88 8421
88 89 9718
89 90 6664
90 91 6501
91 92 7647
92 93 9425
93 94 6016
94 95 9779
95 96 2559
96 97 2289
97 98
98 99 4738
