99
0 109 231 663 720 995 1799 3160
1 25 3198
2 3 2264
3 73 585 1065 1734 1888 2067 3097 3676 7776 9138
4 105 106 129 257 335 375 671 2478 4178 7687
5 16 28
6 13 27
7 2
8 87 484 815 1225 2572 2700 3389 7537
9 56 468 1881 4390 6729
10 86 2871 3477 5926
11 4
12 32 62
13 101 249 325 572 611 3600 3839
14 89 290 303 650 737 2003
15 20 120
16 98 102 110 211 524 659 681 999 2744 4023 4371 4848 5429
17 85 119 245 346 510 665 940 1352 1524 1667 3923 6049
18 108 118 175 204 207 267 389 390 393 646 879 1222 4102 4388 6234 7984 8334
19 124
20 50 1052 1290 2153 3497 5526
21 33
22 47 1310 9517
23 17
24 18 2060
25 127 140 227 342 2685 3880 6115 7242
26 11
27 29 37 1954 2780
28 19 121 621 900
29 45 329 442 1122 5661 6459 6698
30 76 612 625 1610 2076 2385
31 14 554
32 7 5921
33 91 299 961 2444 3046 3483 9933
34 64 909 1089 2713 5862 6604 9894
35 111 132 137 235 300 519 566 5895
36 80 280 1388 1638 2659 8454
37 24 968 1315
38 96 97 125 3299 8801
39 99 439 595 632 728 731 747 878 979 1171 1251 1369 1395 1930 2138 2523 2688 4302 5381 5634 9611
40 51 193 1184
41 44 3831
42 90 432 708 1263 1476 1643 3172 3441 7347
43 79 82 103 187 309 899 1408 1876 5150 6126
44 95 117 1070 1132 1270 1826 4226 4869 5851 9886
45 0 8
46 93 1155 4148
47 39 57 65 139
48 71 74 148 164 285 751 1283 1384 1554 2955 3158 3684 4497
49 60 61 1604 1671 4613 8450
50 48 919 1482 2513
51 136 288 739 1224 2420 2633
52 130 310 7895 9832
53 6 138
54 75 268 2291
55 9
56 35 948 3756 5276
57 5 3975
58 128 146 178 196 850 880 4977
59 116 142 195 216 542 702 725 762 873 933 1011 1119 1134 1412 1480 1745 1972
60 52 1756 5554 5985
61 41 63 126
62 68 112 147 1591 4500 7624 8734 9502
63 100 715 8402
64 46 9305
65 59 482 1679 2889 3767 5482
66 58 1413 1452 1597 2198 3700 4994 6656 7658
67 10 155
68 12
70 43 176 253 410
71 36 549 1714 2591
72 54 55 70 72 114 236 243 371 653 679 1434 2433 7712
73 92 609 637 3708 3774 6668
74 77 199 2112 2274 2848 6097 9543
75 30 356 583
76 104 157 867 2168 2177 3182 3398 3849 5313 6402 9559
77 133 1593
78 40 252 1502 7055
79 23 355 485
80 81 135 197 224 316 372 426 977 1173 1572 2614 3706 6337
81 21
82 67 78 145 494 914
83 26 797 859
84 31 1737 4347
85 113 115 123 232 330 4421 5605
86 1
87 66 152 166 709 907 1656 2841
88 42 869 1583 4171 4841 5959 7117
89 53 1495 5350
90 88 158 184 229 331 655 686 2371 2899 3457 9054
91 122 443 501 817 1522 2741 3244 5295 5659 6018 7086
92 22 1334 1958
93 49 107 1951
94 83 161 301 332 552 782 1106 1151 1200 1506 1917 4364
95 84 144 1387 6379 7234
96 38 131 404 2818
97 34 69 1077 4142
98 94 2148 7677
99 15 3110
